<?xml version="1.0" encoding="UTF-8"?>
<testsuite name="io.advantageous.qbit.service.impl.RegularCalls" tests="3" skipped="0" failures="0" errors="0" timestamp="2014-11-20T03:30:07" hostname="gcc-home.local" time="3.281">
  <properties/>
  <testcase name="test" classname="io.advantageous.qbit.service.impl.RegularCalls" time="3.172"/>
  <testcase name="testMany" classname="io.advantageous.qbit.service.impl.RegularCalls" time="0.054"/>
  <testcase name="testBatch" classname="io.advantageous.qbit.service.impl.RegularCalls" time="0.054"/>
  <system-out><![CDATA[19:30:07.296 [Test worker] DEBUG i.a.qbit.service.impl.ServiceImpl - ServiceImpl<<constr>> null test  io.advantageous.qbit.service.impl.RegularCalls$Adder@26f80b52 1000 MILLISECONDS 10 io.advantageous.qbit.service.impl.BoonServiceMethodCallHandler@2d62f36e null
19:30:07.298 [Test worker] DEBUG i.a.qbit.service.impl.ServiceImpl - RESPONSE QUEUE WAS NULL CREATING ONE
19:30:07.353 [QueueListener Request Queue test] DEBUG i.a.qbit.service.impl.ServiceImpl - ServiceImpl::doHandleMethodCall() METHOD CALLMethodCallImpl{name='add', address='', params=io.advantageous.qbit.util.MultiMap$1@368b9426, body=[1, 2], timestamp=25890242, id=58, objectName='null', returnAddress='null'}
19:30:07.353 [QueueListener Request Queue test] DEBUG i.a.qbit.service.impl.ServiceImpl - ServiceImpl::receive() 
RESPONSE
ResponseImpl{address='add', params=null, body=3}
FROM CALL
MethodCallImpl{name='add', address='', params=io.advantageous.qbit.util.MultiMap$1@368b9426, body=[1, 2], timestamp=25890242, id=58, objectName='null', returnAddress='null'}


19:30:07.353 [QueueListener Request Queue test] DEBUG i.a.qbit.service.impl.ServiceImpl - ServiceImpl::doHandleMethodCall() METHOD CALLMethodCallImpl{name='add', address='', params=io.advantageous.qbit.util.MultiMap$1@368b9426, body=[4, 5], timestamp=25890242, id=59, objectName='null', returnAddress='null'}
19:30:07.354 [QueueListener Request Queue test] DEBUG i.a.qbit.service.impl.ServiceImpl - ServiceImpl::receive() 
RESPONSE
ResponseImpl{address='add', params=null, body=9}
FROM CALL
MethodCallImpl{name='add', address='', params=io.advantageous.qbit.util.MultiMap$1@368b9426, body=[4, 5], timestamp=25890242, id=59, objectName='null', returnAddress='null'}


Queue Empty 
19:30:07.357 [QueueListener Request Queue test] DEBUG i.a.qbit.service.impl.ServiceImpl - ServiceImpl::doHandleMethodCall() METHOD CALLMethodCallImpl{name='add', address='', params=io.advantageous.qbit.util.MultiMap$1@368b9426, body=[1, 2], timestamp=25890292, id=60, objectName='null', returnAddress='null'}
19:30:07.357 [QueueListener Request Queue test] DEBUG i.a.qbit.service.impl.ServiceImpl - ServiceImpl::receive() 
RESPONSE
ResponseImpl{address='add', params=null, body=3}
FROM CALL
MethodCallImpl{name='add', address='', params=io.advantageous.qbit.util.MultiMap$1@368b9426, body=[1, 2], timestamp=25890292, id=60, objectName='null', returnAddress='null'}


19:30:07.357 [QueueListener Request Queue test] DEBUG i.a.qbit.service.impl.ServiceImpl - ServiceImpl::doHandleMethodCall() METHOD CALLMethodCallImpl{name='add', address='', params=io.advantageous.qbit.util.MultiMap$1@368b9426, body=[1, 2], timestamp=25890292, id=61, objectName='null', returnAddress='null'}
19:30:07.357 [QueueListener Request Queue test] DEBUG i.a.qbit.service.impl.ServiceImpl - ServiceImpl::receive() 
RESPONSE
ResponseImpl{address='add', params=null, body=3}
FROM CALL
MethodCallImpl{name='add', address='', params=io.advantageous.qbit.util.MultiMap$1@368b9426, body=[1, 2], timestamp=25890292, id=61, objectName='null', returnAddress='null'}


19:30:07.357 [QueueListener Request Queue test] DEBUG i.a.qbit.service.impl.ServiceImpl - ServiceImpl::doHandleMethodCall() METHOD CALLMethodCallImpl{name='add', address='', params=io.advantageous.qbit.util.MultiMap$1@368b9426, body=[1, 2], timestamp=25890292, id=62, objectName='null', returnAddress='null'}
19:30:07.357 [QueueListener Request Queue test] DEBUG i.a.qbit.service.impl.ServiceImpl - ServiceImpl::receive() 
RESPONSE
ResponseImpl{address='add', params=null, body=3}
FROM CALL
MethodCallImpl{name='add', address='', params=io.advantageous.qbit.util.MultiMap$1@368b9426, body=[1, 2], timestamp=25890292, id=62, objectName='null', returnAddress='null'}


19:30:07.357 [QueueListener Request Queue test] DEBUG i.a.qbit.service.impl.ServiceImpl - ServiceImpl::doHandleMethodCall() METHOD CALLMethodCallImpl{name='add', address='', params=io.advantageous.qbit.util.MultiMap$1@368b9426, body=[1, 2], timestamp=25890292, id=63, objectName='null', returnAddress='null'}
19:30:07.357 [QueueListener Request Queue test] DEBUG i.a.qbit.service.impl.ServiceImpl - ServiceImpl::receive() 
RESPONSE
ResponseImpl{address='add', params=null, body=3}
FROM CALL
MethodCallImpl{name='add', address='', params=io.advantageous.qbit.util.MultiMap$1@368b9426, body=[1, 2], timestamp=25890292, id=63, objectName='null', returnAddress='null'}


19:30:07.357 [QueueListener Request Queue test] DEBUG i.a.qbit.service.impl.ServiceImpl - ServiceImpl::doHandleMethodCall() METHOD CALLMethodCallImpl{name='add', address='', params=io.advantageous.qbit.util.MultiMap$1@368b9426, body=[1, 2], timestamp=25890292, id=64, objectName='null', returnAddress='null'}
19:30:07.358 [QueueListener Request Queue test] DEBUG i.a.qbit.service.impl.ServiceImpl - ServiceImpl::receive() 
RESPONSE
ResponseImpl{address='add', params=null, body=3}
FROM CALL
MethodCallImpl{name='add', address='', params=io.advantageous.qbit.util.MultiMap$1@368b9426, body=[1, 2], timestamp=25890292, id=64, objectName='null', returnAddress='null'}


19:30:07.358 [QueueListener Request Queue test] DEBUG i.a.qbit.service.impl.ServiceImpl - ServiceImpl::doHandleMethodCall() METHOD CALLMethodCallImpl{name='add', address='', params=io.advantageous.qbit.util.MultiMap$1@368b9426, body=[1, 2], timestamp=25890292, id=65, objectName='null', returnAddress='null'}
19:30:07.358 [QueueListener Request Queue test] DEBUG i.a.qbit.service.impl.ServiceImpl - ServiceImpl::receive() 
RESPONSE
ResponseImpl{address='add', params=null, body=3}
FROM CALL
MethodCallImpl{name='add', address='', params=io.advantageous.qbit.util.MultiMap$1@368b9426, body=[1, 2], timestamp=25890292, id=65, objectName='null', returnAddress='null'}


Queue Limit 
Queue Empty 
19:30:07.358 [QueueListener Request Queue test] DEBUG i.a.qbit.service.impl.ServiceImpl - ServiceImpl::doHandleMethodCall() METHOD CALLMethodCallImpl{name='add', address='', params=io.advantageous.qbit.util.MultiMap$1@368b9426, body=[1, 2], timestamp=25890292, id=66, objectName='null', returnAddress='null'}
19:30:07.358 [QueueListener Request Queue test] DEBUG i.a.qbit.service.impl.ServiceImpl - ServiceImpl::receive() 
RESPONSE
ResponseImpl{address='add', params=null, body=3}
FROM CALL
MethodCallImpl{name='add', address='', params=io.advantageous.qbit.util.MultiMap$1@368b9426, body=[1, 2], timestamp=25890292, id=66, objectName='null', returnAddress='null'}


19:30:07.358 [QueueListener Request Queue test] DEBUG i.a.qbit.service.impl.ServiceImpl - ServiceImpl::doHandleMethodCall() METHOD CALLMethodCallImpl{name='add', address='', params=io.advantageous.qbit.util.MultiMap$1@368b9426, body=[1, 2], timestamp=25890292, id=67, objectName='null', returnAddress='null'}
19:30:07.358 [QueueListener Request Queue test] DEBUG i.a.qbit.service.impl.ServiceImpl - ServiceImpl::receive() 
RESPONSE
ResponseImpl{address='add', params=null, body=3}
FROM CALL
MethodCallImpl{name='add', address='', params=io.advantageous.qbit.util.MultiMap$1@368b9426, body=[1, 2], timestamp=25890292, id=67, objectName='null', returnAddress='null'}


19:30:07.358 [QueueListener Request Queue test] DEBUG i.a.qbit.service.impl.ServiceImpl - ServiceImpl::doHandleMethodCall() METHOD CALLMethodCallImpl{name='add', address='', params=io.advantageous.qbit.util.MultiMap$1@368b9426, body=[1, 2], timestamp=25890292, id=68, objectName='null', returnAddress='null'}
19:30:07.358 [QueueListener Request Queue test] DEBUG i.a.qbit.service.impl.ServiceImpl - ServiceImpl::receive() 
RESPONSE
ResponseImpl{address='add', params=null, body=3}
FROM CALL
MethodCallImpl{name='add', address='', params=io.advantageous.qbit.util.MultiMap$1@368b9426, body=[1, 2], timestamp=25890292, id=68, objectName='null', returnAddress='null'}


19:30:07.358 [QueueListener Request Queue test] DEBUG i.a.qbit.service.impl.ServiceImpl - ServiceImpl::doHandleMethodCall() METHOD CALLMethodCallImpl{name='add', address='', params=io.advantageous.qbit.util.MultiMap$1@368b9426, body=[1, 2], timestamp=25890292, id=69, objectName='null', returnAddress='null'}
19:30:07.358 [QueueListener Request Queue test] DEBUG i.a.qbit.service.impl.ServiceImpl - ServiceImpl::receive() 
RESPONSE
ResponseImpl{address='add', params=null, body=3}
FROM CALL
MethodCallImpl{name='add', address='', params=io.advantageous.qbit.util.MultiMap$1@368b9426, body=[1, 2], timestamp=25890292, id=69, objectName='null', returnAddress='null'}


19:30:07.358 [QueueListener Request Queue test] DEBUG i.a.qbit.service.impl.ServiceImpl - ServiceImpl::doHandleMethodCall() METHOD CALLMethodCallImpl{name='add', address='', params=io.advantageous.qbit.util.MultiMap$1@368b9426, body=[1, 2], timestamp=25890292, id=70, objectName='null', returnAddress='null'}
19:30:07.358 [QueueListener Request Queue test] DEBUG i.a.qbit.service.impl.ServiceImpl - ServiceImpl::receive() 
RESPONSE
ResponseImpl{address='add', params=null, body=3}
FROM CALL
MethodCallImpl{name='add', address='', params=io.advantageous.qbit.util.MultiMap$1@368b9426, body=[1, 2], timestamp=25890292, id=70, objectName='null', returnAddress='null'}


19:30:07.359 [QueueListener Request Queue test] DEBUG i.a.qbit.service.impl.ServiceImpl - ServiceImpl::doHandleMethodCall() METHOD CALLMethodCallImpl{name='add', address='', params=io.advantageous.qbit.util.MultiMap$1@368b9426, body=[1, 2], timestamp=25890292, id=71, objectName='null', returnAddress='null'}
19:30:07.359 [QueueListener Request Queue test] DEBUG i.a.qbit.service.impl.ServiceImpl - ServiceImpl::receive() 
RESPONSE
ResponseImpl{address='add', params=null, body=3}
FROM CALL
MethodCallImpl{name='add', address='', params=io.advantageous.qbit.util.MultiMap$1@368b9426, body=[1, 2], timestamp=25890292, id=71, objectName='null', returnAddress='null'}


Queue Limit 
Queue Empty 
19:30:07.359 [QueueListener Request Queue test] DEBUG i.a.qbit.service.impl.ServiceImpl - ServiceImpl::doHandleMethodCall() METHOD CALLMethodCallImpl{name='add', address='', params=io.advantageous.qbit.util.MultiMap$1@368b9426, body=[1, 2], timestamp=25890292, id=72, objectName='null', returnAddress='null'}
19:30:07.359 [QueueListener Request Queue test] DEBUG i.a.qbit.service.impl.ServiceImpl - ServiceImpl::receive() 
RESPONSE
ResponseImpl{address='add', params=null, body=3}
FROM CALL
MethodCallImpl{name='add', address='', params=io.advantageous.qbit.util.MultiMap$1@368b9426, body=[1, 2], timestamp=25890292, id=72, objectName='null', returnAddress='null'}


19:30:07.359 [QueueListener Request Queue test] DEBUG i.a.qbit.service.impl.ServiceImpl - ServiceImpl::doHandleMethodCall() METHOD CALLMethodCallImpl{name='add', address='', params=io.advantageous.qbit.util.MultiMap$1@368b9426, body=[1, 2], timestamp=25890292, id=73, objectName='null', returnAddress='null'}
19:30:07.360 [QueueListener Request Queue test] DEBUG i.a.qbit.service.impl.ServiceImpl - ServiceImpl::receive() 
RESPONSE
ResponseImpl{address='add', params=null, body=3}
FROM CALL
MethodCallImpl{name='add', address='', params=io.advantageous.qbit.util.MultiMap$1@368b9426, body=[1, 2], timestamp=25890292, id=73, objectName='null', returnAddress='null'}


19:30:07.360 [QueueListener Request Queue test] DEBUG i.a.qbit.service.impl.ServiceImpl - ServiceImpl::doHandleMethodCall() METHOD CALLMethodCallImpl{name='add', address='', params=io.advantageous.qbit.util.MultiMap$1@368b9426, body=[1, 2], timestamp=25890292, id=74, objectName='null', returnAddress='null'}
19:30:07.360 [QueueListener Request Queue test] DEBUG i.a.qbit.service.impl.ServiceImpl - ServiceImpl::receive() 
RESPONSE
ResponseImpl{address='add', params=null, body=3}
FROM CALL
MethodCallImpl{name='add', address='', params=io.advantageous.qbit.util.MultiMap$1@368b9426, body=[1, 2], timestamp=25890292, id=74, objectName='null', returnAddress='null'}


19:30:07.360 [QueueListener Request Queue test] DEBUG i.a.qbit.service.impl.ServiceImpl - ServiceImpl::doHandleMethodCall() METHOD CALLMethodCallImpl{name='add', address='', params=io.advantageous.qbit.util.MultiMap$1@368b9426, body=[1, 2], timestamp=25890292, id=75, objectName='null', returnAddress='null'}
19:30:07.360 [QueueListener Request Queue test] DEBUG i.a.qbit.service.impl.ServiceImpl - ServiceImpl::receive() 
RESPONSE
ResponseImpl{address='add', params=null, body=3}
FROM CALL
MethodCallImpl{name='add', address='', params=io.advantageous.qbit.util.MultiMap$1@368b9426, body=[1, 2], timestamp=25890292, id=75, objectName='null', returnAddress='null'}


19:30:07.360 [QueueListener Request Queue test] DEBUG i.a.qbit.service.impl.ServiceImpl - ServiceImpl::doHandleMethodCall() METHOD CALLMethodCallImpl{name='add', address='', params=io.advantageous.qbit.util.MultiMap$1@368b9426, body=[1, 2], timestamp=25890292, id=76, objectName='null', returnAddress='null'}
19:30:07.360 [QueueListener Request Queue test] DEBUG i.a.qbit.service.impl.ServiceImpl - ServiceImpl::receive() 
RESPONSE
ResponseImpl{address='add', params=null, body=3}
FROM CALL
MethodCallImpl{name='add', address='', params=io.advantageous.qbit.util.MultiMap$1@368b9426, body=[1, 2], timestamp=25890292, id=76, objectName='null', returnAddress='null'}


19:30:07.360 [QueueListener Request Queue test] DEBUG i.a.qbit.service.impl.ServiceImpl - ServiceImpl::doHandleMethodCall() METHOD CALLMethodCallImpl{name='add', address='', params=io.advantageous.qbit.util.MultiMap$1@368b9426, body=[1, 2], timestamp=25890292, id=77, objectName='null', returnAddress='null'}
19:30:07.360 [QueueListener Request Queue test] DEBUG i.a.qbit.service.impl.ServiceImpl - ServiceImpl::receive() 
RESPONSE
ResponseImpl{address='add', params=null, body=3}
FROM CALL
MethodCallImpl{name='add', address='', params=io.advantageous.qbit.util.MultiMap$1@368b9426, body=[1, 2], timestamp=25890292, id=77, objectName='null', returnAddress='null'}


Queue Limit 
Queue Empty 
19:30:07.360 [QueueListener Request Queue test] DEBUG i.a.qbit.service.impl.ServiceImpl - ServiceImpl::doHandleMethodCall() METHOD CALLMethodCallImpl{name='add', address='', params=io.advantageous.qbit.util.MultiMap$1@368b9426, body=[1, 2], timestamp=25890292, id=78, objectName='null', returnAddress='null'}
19:30:07.360 [QueueListener Request Queue test] DEBUG i.a.qbit.service.impl.ServiceImpl - ServiceImpl::receive() 
RESPONSE
ResponseImpl{address='add', params=null, body=3}
FROM CALL
MethodCallImpl{name='add', address='', params=io.advantageous.qbit.util.MultiMap$1@368b9426, body=[1, 2], timestamp=25890292, id=78, objectName='null', returnAddress='null'}


19:30:07.361 [QueueListener Request Queue test] DEBUG i.a.qbit.service.impl.ServiceImpl - ServiceImpl::doHandleMethodCall() METHOD CALLMethodCallImpl{name='add', address='', params=io.advantageous.qbit.util.MultiMap$1@368b9426, body=[1, 2], timestamp=25890292, id=79, objectName='null', returnAddress='null'}
19:30:07.361 [QueueListener Request Queue test] DEBUG i.a.qbit.service.impl.ServiceImpl - ServiceImpl::receive() 
RESPONSE
ResponseImpl{address='add', params=null, body=3}
FROM CALL
MethodCallImpl{name='add', address='', params=io.advantageous.qbit.util.MultiMap$1@368b9426, body=[1, 2], timestamp=25890292, id=79, objectName='null', returnAddress='null'}


19:30:07.361 [QueueListener Request Queue test] DEBUG i.a.qbit.service.impl.ServiceImpl - ServiceImpl::doHandleMethodCall() METHOD CALLMethodCallImpl{name='add', address='', params=io.advantageous.qbit.util.MultiMap$1@368b9426, body=[1, 2], timestamp=25890292, id=80, objectName='null', returnAddress='null'}
19:30:07.361 [QueueListener Request Queue test] DEBUG i.a.qbit.service.impl.ServiceImpl - ServiceImpl::receive() 
RESPONSE
ResponseImpl{address='add', params=null, body=3}
FROM CALL
MethodCallImpl{name='add', address='', params=io.advantageous.qbit.util.MultiMap$1@368b9426, body=[1, 2], timestamp=25890292, id=80, objectName='null', returnAddress='null'}


19:30:07.361 [QueueListener Request Queue test] DEBUG i.a.qbit.service.impl.ServiceImpl - ServiceImpl::doHandleMethodCall() METHOD CALLMethodCallImpl{name='add', address='', params=io.advantageous.qbit.util.MultiMap$1@368b9426, body=[1, 2], timestamp=25890292, id=81, objectName='null', returnAddress='null'}
19:30:07.361 [QueueListener Request Queue test] DEBUG i.a.qbit.service.impl.ServiceImpl - ServiceImpl::receive() 
RESPONSE
ResponseImpl{address='add', params=null, body=3}
FROM CALL
MethodCallImpl{name='add', address='', params=io.advantageous.qbit.util.MultiMap$1@368b9426, body=[1, 2], timestamp=25890292, id=81, objectName='null', returnAddress='null'}


19:30:07.361 [QueueListener Request Queue test] DEBUG i.a.qbit.service.impl.ServiceImpl - ServiceImpl::doHandleMethodCall() METHOD CALLMethodCallImpl{name='add', address='', params=io.advantageous.qbit.util.MultiMap$1@368b9426, body=[1, 2], timestamp=25890292, id=82, objectName='null', returnAddress='null'}
19:30:07.361 [QueueListener Request Queue test] DEBUG i.a.qbit.service.impl.ServiceImpl - ServiceImpl::receive() 
RESPONSE
ResponseImpl{address='add', params=null, body=3}
FROM CALL
MethodCallImpl{name='add', address='', params=io.advantageous.qbit.util.MultiMap$1@368b9426, body=[1, 2], timestamp=25890292, id=82, objectName='null', returnAddress='null'}


19:30:07.361 [QueueListener Request Queue test] DEBUG i.a.qbit.service.impl.ServiceImpl - ServiceImpl::doHandleMethodCall() METHOD CALLMethodCallImpl{name='add', address='', params=io.advantageous.qbit.util.MultiMap$1@368b9426, body=[1, 2], timestamp=25890292, id=83, objectName='null', returnAddress='null'}
19:30:07.361 [QueueListener Request Queue test] DEBUG i.a.qbit.service.impl.ServiceImpl - ServiceImpl::receive() 
RESPONSE
ResponseImpl{address='add', params=null, body=3}
FROM CALL
MethodCallImpl{name='add', address='', params=io.advantageous.qbit.util.MultiMap$1@368b9426, body=[1, 2], timestamp=25890292, id=83, objectName='null', returnAddress='null'}


Queue Limit 
Queue Empty 
19:30:07.361 [QueueListener Request Queue test] DEBUG i.a.qbit.service.impl.ServiceImpl - ServiceImpl::doHandleMethodCall() METHOD CALLMethodCallImpl{name='add', address='', params=io.advantageous.qbit.util.MultiMap$1@368b9426, body=[1, 2], timestamp=25890292, id=84, objectName='null', returnAddress='null'}
19:30:07.361 [QueueListener Request Queue test] DEBUG i.a.qbit.service.impl.ServiceImpl - ServiceImpl::receive() 
RESPONSE
ResponseImpl{address='add', params=null, body=3}
FROM CALL
MethodCallImpl{name='add', address='', params=io.advantageous.qbit.util.MultiMap$1@368b9426, body=[1, 2], timestamp=25890292, id=84, objectName='null', returnAddress='null'}


19:30:07.361 [QueueListener Request Queue test] DEBUG i.a.qbit.service.impl.ServiceImpl - ServiceImpl::doHandleMethodCall() METHOD CALLMethodCallImpl{name='add', address='', params=io.advantageous.qbit.util.MultiMap$1@368b9426, body=[1, 2], timestamp=25890292, id=85, objectName='null', returnAddress='null'}
19:30:07.361 [QueueListener Request Queue test] DEBUG i.a.qbit.service.impl.ServiceImpl - ServiceImpl::receive() 
RESPONSE
ResponseImpl{address='add', params=null, body=3}
FROM CALL
MethodCallImpl{name='add', address='', params=io.advantageous.qbit.util.MultiMap$1@368b9426, body=[1, 2], timestamp=25890292, id=85, objectName='null', returnAddress='null'}


19:30:07.361 [QueueListener Request Queue test] DEBUG i.a.qbit.service.impl.ServiceImpl - ServiceImpl::doHandleMethodCall() METHOD CALLMethodCallImpl{name='add', address='', params=io.advantageous.qbit.util.MultiMap$1@368b9426, body=[1, 2], timestamp=25890292, id=86, objectName='null', returnAddress='null'}
19:30:07.362 [QueueListener Request Queue test] DEBUG i.a.qbit.service.impl.ServiceImpl - ServiceImpl::receive() 
RESPONSE
ResponseImpl{address='add', params=null, body=3}
FROM CALL
MethodCallImpl{name='add', address='', params=io.advantageous.qbit.util.MultiMap$1@368b9426, body=[1, 2], timestamp=25890292, id=86, objectName='null', returnAddress='null'}


19:30:07.362 [QueueListener Request Queue test] DEBUG i.a.qbit.service.impl.ServiceImpl - ServiceImpl::doHandleMethodCall() METHOD CALLMethodCallImpl{name='add', address='', params=io.advantageous.qbit.util.MultiMap$1@368b9426, body=[1, 2], timestamp=25890292, id=87, objectName='null', returnAddress='null'}
19:30:07.362 [QueueListener Request Queue test] DEBUG i.a.qbit.service.impl.ServiceImpl - ServiceImpl::receive() 
RESPONSE
ResponseImpl{address='add', params=null, body=3}
FROM CALL
MethodCallImpl{name='add', address='', params=io.advantageous.qbit.util.MultiMap$1@368b9426, body=[1, 2], timestamp=25890292, id=87, objectName='null', returnAddress='null'}


19:30:07.362 [QueueListener Request Queue test] DEBUG i.a.qbit.service.impl.ServiceImpl - ServiceImpl::doHandleMethodCall() METHOD CALLMethodCallImpl{name='add', address='', params=io.advantageous.qbit.util.MultiMap$1@368b9426, body=[1, 2], timestamp=25890292, id=88, objectName='null', returnAddress='null'}
19:30:07.362 [QueueListener Request Queue test] DEBUG i.a.qbit.service.impl.ServiceImpl - ServiceImpl::receive() 
RESPONSE
ResponseImpl{address='add', params=null, body=3}
FROM CALL
MethodCallImpl{name='add', address='', params=io.advantageous.qbit.util.MultiMap$1@368b9426, body=[1, 2], timestamp=25890292, id=88, objectName='null', returnAddress='null'}


19:30:07.362 [QueueListener Request Queue test] DEBUG i.a.qbit.service.impl.ServiceImpl - ServiceImpl::doHandleMethodCall() METHOD CALLMethodCallImpl{name='add', address='', params=io.advantageous.qbit.util.MultiMap$1@368b9426, body=[1, 2], timestamp=25890292, id=89, objectName='null', returnAddress='null'}
19:30:07.362 [QueueListener Request Queue test] DEBUG i.a.qbit.service.impl.ServiceImpl - ServiceImpl::receive() 
RESPONSE
ResponseImpl{address='add', params=null, body=3}
FROM CALL
MethodCallImpl{name='add', address='', params=io.advantageous.qbit.util.MultiMap$1@368b9426, body=[1, 2], timestamp=25890292, id=89, objectName='null', returnAddress='null'}


Queue Limit 
Queue Empty 
19:30:07.362 [QueueListener Request Queue test] DEBUG i.a.qbit.service.impl.ServiceImpl - ServiceImpl::doHandleMethodCall() METHOD CALLMethodCallImpl{name='add', address='', params=io.advantageous.qbit.util.MultiMap$1@368b9426, body=[1, 2], timestamp=25890292, id=90, objectName='null', returnAddress='null'}
19:30:07.362 [QueueListener Request Queue test] DEBUG i.a.qbit.service.impl.ServiceImpl - ServiceImpl::receive() 
RESPONSE
ResponseImpl{address='add', params=null, body=3}
FROM CALL
MethodCallImpl{name='add', address='', params=io.advantageous.qbit.util.MultiMap$1@368b9426, body=[1, 2], timestamp=25890292, id=90, objectName='null', returnAddress='null'}


19:30:07.364 [QueueListener Request Queue test] DEBUG i.a.qbit.service.impl.ServiceImpl - ServiceImpl::doHandleMethodCall() METHOD CALLMethodCallImpl{name='add', address='', params=io.advantageous.qbit.util.MultiMap$1@368b9426, body=[1, 2], timestamp=25890292, id=91, objectName='null', returnAddress='null'}
19:30:07.364 [QueueListener Request Queue test] DEBUG i.a.qbit.service.impl.ServiceImpl - ServiceImpl::receive() 
RESPONSE
ResponseImpl{address='add', params=null, body=3}
FROM CALL
MethodCallImpl{name='add', address='', params=io.advantageous.qbit.util.MultiMap$1@368b9426, body=[1, 2], timestamp=25890292, id=91, objectName='null', returnAddress='null'}


19:30:07.364 [QueueListener Request Queue test] DEBUG i.a.qbit.service.impl.ServiceImpl - ServiceImpl::doHandleMethodCall() METHOD CALLMethodCallImpl{name='add', address='', params=io.advantageous.qbit.util.MultiMap$1@368b9426, body=[1, 2], timestamp=25890292, id=92, objectName='null', returnAddress='null'}
19:30:07.364 [QueueListener Request Queue test] DEBUG i.a.qbit.service.impl.ServiceImpl - ServiceImpl::receive() 
RESPONSE
ResponseImpl{address='add', params=null, body=3}
FROM CALL
MethodCallImpl{name='add', address='', params=io.advantageous.qbit.util.MultiMap$1@368b9426, body=[1, 2], timestamp=25890292, id=92, objectName='null', returnAddress='null'}


19:30:07.364 [QueueListener Request Queue test] DEBUG i.a.qbit.service.impl.ServiceImpl - ServiceImpl::doHandleMethodCall() METHOD CALLMethodCallImpl{name='add', address='', params=io.advantageous.qbit.util.MultiMap$1@368b9426, body=[1, 2], timestamp=25890292, id=93, objectName='null', returnAddress='null'}
19:30:07.364 [QueueListener Request Queue test] DEBUG i.a.qbit.service.impl.ServiceImpl - ServiceImpl::receive() 
RESPONSE
ResponseImpl{address='add', params=null, body=3}
FROM CALL
MethodCallImpl{name='add', address='', params=io.advantageous.qbit.util.MultiMap$1@368b9426, body=[1, 2], timestamp=25890292, id=93, objectName='null', returnAddress='null'}


19:30:07.364 [QueueListener Request Queue test] DEBUG i.a.qbit.service.impl.ServiceImpl - ServiceImpl::doHandleMethodCall() METHOD CALLMethodCallImpl{name='add', address='', params=io.advantageous.qbit.util.MultiMap$1@368b9426, body=[1, 2], timestamp=25890292, id=94, objectName='null', returnAddress='null'}
19:30:07.364 [QueueListener Request Queue test] DEBUG i.a.qbit.service.impl.ServiceImpl - ServiceImpl::receive() 
RESPONSE
ResponseImpl{address='add', params=null, body=3}
FROM CALL
MethodCallImpl{name='add', address='', params=io.advantageous.qbit.util.MultiMap$1@368b9426, body=[1, 2], timestamp=25890292, id=94, objectName='null', returnAddress='null'}


19:30:07.364 [QueueListener Request Queue test] DEBUG i.a.qbit.service.impl.ServiceImpl - ServiceImpl::doHandleMethodCall() METHOD CALLMethodCallImpl{name='add', address='', params=io.advantageous.qbit.util.MultiMap$1@368b9426, body=[1, 2], timestamp=25890292, id=95, objectName='null', returnAddress='null'}
19:30:07.364 [QueueListener Request Queue test] DEBUG i.a.qbit.service.impl.ServiceImpl - ServiceImpl::receive() 
RESPONSE
ResponseImpl{address='add', params=null, body=3}
FROM CALL
MethodCallImpl{name='add', address='', params=io.advantageous.qbit.util.MultiMap$1@368b9426, body=[1, 2], timestamp=25890292, id=95, objectName='null', returnAddress='null'}


Queue Limit 
Queue Empty 
19:30:07.364 [QueueListener Request Queue test] DEBUG i.a.qbit.service.impl.ServiceImpl - ServiceImpl::doHandleMethodCall() METHOD CALLMethodCallImpl{name='add', address='', params=io.advantageous.qbit.util.MultiMap$1@368b9426, body=[1, 2], timestamp=25890292, id=96, objectName='null', returnAddress='null'}
19:30:07.364 [QueueListener Request Queue test] DEBUG i.a.qbit.service.impl.ServiceImpl - ServiceImpl::receive() 
RESPONSE
ResponseImpl{address='add', params=null, body=3}
FROM CALL
MethodCallImpl{name='add', address='', params=io.advantageous.qbit.util.MultiMap$1@368b9426, body=[1, 2], timestamp=25890292, id=96, objectName='null', returnAddress='null'}


19:30:07.364 [QueueListener Request Queue test] DEBUG i.a.qbit.service.impl.ServiceImpl - ServiceImpl::doHandleMethodCall() METHOD CALLMethodCallImpl{name='add', address='', params=io.advantageous.qbit.util.MultiMap$1@368b9426, body=[1, 2], timestamp=25890292, id=97, objectName='null', returnAddress='null'}
19:30:07.365 [QueueListener Request Queue test] DEBUG i.a.qbit.service.impl.ServiceImpl - ServiceImpl::receive() 
RESPONSE
ResponseImpl{address='add', params=null, body=3}
FROM CALL
MethodCallImpl{name='add', address='', params=io.advantageous.qbit.util.MultiMap$1@368b9426, body=[1, 2], timestamp=25890292, id=97, objectName='null', returnAddress='null'}


19:30:07.365 [QueueListener Request Queue test] DEBUG i.a.qbit.service.impl.ServiceImpl - ServiceImpl::doHandleMethodCall() METHOD CALLMethodCallImpl{name='add', address='', params=io.advantageous.qbit.util.MultiMap$1@368b9426, body=[1, 2], timestamp=25890292, id=98, objectName='null', returnAddress='null'}
19:30:07.365 [QueueListener Request Queue test] DEBUG i.a.qbit.service.impl.ServiceImpl - ServiceImpl::receive() 
RESPONSE
ResponseImpl{address='add', params=null, body=3}
FROM CALL
MethodCallImpl{name='add', address='', params=io.advantageous.qbit.util.MultiMap$1@368b9426, body=[1, 2], timestamp=25890292, id=98, objectName='null', returnAddress='null'}


19:30:07.365 [QueueListener Request Queue test] DEBUG i.a.qbit.service.impl.ServiceImpl - ServiceImpl::doHandleMethodCall() METHOD CALLMethodCallImpl{name='add', address='', params=io.advantageous.qbit.util.MultiMap$1@368b9426, body=[1, 2], timestamp=25890292, id=99, objectName='null', returnAddress='null'}
19:30:07.365 [QueueListener Request Queue test] DEBUG i.a.qbit.service.impl.ServiceImpl - ServiceImpl::receive() 
RESPONSE
ResponseImpl{address='add', params=null, body=3}
FROM CALL
MethodCallImpl{name='add', address='', params=io.advantageous.qbit.util.MultiMap$1@368b9426, body=[1, 2], timestamp=25890292, id=99, objectName='null', returnAddress='null'}


19:30:07.365 [QueueListener Request Queue test] DEBUG i.a.qbit.service.impl.ServiceImpl - ServiceImpl::doHandleMethodCall() METHOD CALLMethodCallImpl{name='add', address='', params=io.advantageous.qbit.util.MultiMap$1@368b9426, body=[1, 2], timestamp=25890292, id=100, objectName='null', returnAddress='null'}
19:30:07.365 [QueueListener Request Queue test] DEBUG i.a.qbit.service.impl.ServiceImpl - ServiceImpl::receive() 
RESPONSE
ResponseImpl{address='add', params=null, body=3}
FROM CALL
MethodCallImpl{name='add', address='', params=io.advantageous.qbit.util.MultiMap$1@368b9426, body=[1, 2], timestamp=25890292, id=100, objectName='null', returnAddress='null'}


19:30:07.365 [QueueListener Request Queue test] DEBUG i.a.qbit.service.impl.ServiceImpl - ServiceImpl::doHandleMethodCall() METHOD CALLMethodCallImpl{name='add', address='', params=io.advantageous.qbit.util.MultiMap$1@368b9426, body=[1, 2], timestamp=25890292, id=101, objectName='null', returnAddress='null'}
19:30:07.365 [QueueListener Request Queue test] DEBUG i.a.qbit.service.impl.ServiceImpl - ServiceImpl::receive() 
RESPONSE
ResponseImpl{address='add', params=null, body=3}
FROM CALL
MethodCallImpl{name='add', address='', params=io.advantageous.qbit.util.MultiMap$1@368b9426, body=[1, 2], timestamp=25890292, id=101, objectName='null', returnAddress='null'}


Queue Limit 
Queue Empty 
19:30:07.365 [QueueListener Request Queue test] DEBUG i.a.qbit.service.impl.ServiceImpl - ServiceImpl::doHandleMethodCall() METHOD CALLMethodCallImpl{name='add', address='', params=io.advantageous.qbit.util.MultiMap$1@368b9426, body=[1, 2], timestamp=25890292, id=102, objectName='null', returnAddress='null'}
19:30:07.365 [QueueListener Request Queue test] DEBUG i.a.qbit.service.impl.ServiceImpl - ServiceImpl::receive() 
RESPONSE
ResponseImpl{address='add', params=null, body=3}
FROM CALL
MethodCallImpl{name='add', address='', params=io.advantageous.qbit.util.MultiMap$1@368b9426, body=[1, 2], timestamp=25890292, id=102, objectName='null', returnAddress='null'}


19:30:07.365 [QueueListener Request Queue test] DEBUG i.a.qbit.service.impl.ServiceImpl - ServiceImpl::doHandleMethodCall() METHOD CALLMethodCallImpl{name='add', address='', params=io.advantageous.qbit.util.MultiMap$1@368b9426, body=[1, 2], timestamp=25890292, id=103, objectName='null', returnAddress='null'}
19:30:07.365 [QueueListener Request Queue test] DEBUG i.a.qbit.service.impl.ServiceImpl - ServiceImpl::receive() 
RESPONSE
ResponseImpl{address='add', params=null, body=3}
FROM CALL
MethodCallImpl{name='add', address='', params=io.advantageous.qbit.util.MultiMap$1@368b9426, body=[1, 2], timestamp=25890292, id=103, objectName='null', returnAddress='null'}


19:30:07.365 [QueueListener Request Queue test] DEBUG i.a.qbit.service.impl.ServiceImpl - ServiceImpl::doHandleMethodCall() METHOD CALLMethodCallImpl{name='add', address='', params=io.advantageous.qbit.util.MultiMap$1@368b9426, body=[1, 2], timestamp=25890292, id=104, objectName='null', returnAddress='null'}
19:30:07.365 [QueueListener Request Queue test] DEBUG i.a.qbit.service.impl.ServiceImpl - ServiceImpl::receive() 
RESPONSE
ResponseImpl{address='add', params=null, body=3}
FROM CALL
MethodCallImpl{name='add', address='', params=io.advantageous.qbit.util.MultiMap$1@368b9426, body=[1, 2], timestamp=25890292, id=104, objectName='null', returnAddress='null'}


19:30:07.365 [QueueListener Request Queue test] DEBUG i.a.qbit.service.impl.ServiceImpl - ServiceImpl::doHandleMethodCall() METHOD CALLMethodCallImpl{name='add', address='', params=io.advantageous.qbit.util.MultiMap$1@368b9426, body=[1, 2], timestamp=25890292, id=105, objectName='null', returnAddress='null'}
19:30:07.370 [QueueListener Request Queue test] DEBUG i.a.qbit.service.impl.ServiceImpl - ServiceImpl::receive() 
RESPONSE
ResponseImpl{address='add', params=null, body=3}
FROM CALL
MethodCallImpl{name='add', address='', params=io.advantageous.qbit.util.MultiMap$1@368b9426, body=[1, 2], timestamp=25890292, id=105, objectName='null', returnAddress='null'}


19:30:07.370 [QueueListener Request Queue test] DEBUG i.a.qbit.service.impl.ServiceImpl - ServiceImpl::doHandleMethodCall() METHOD CALLMethodCallImpl{name='add', address='', params=io.advantageous.qbit.util.MultiMap$1@368b9426, body=[1, 2], timestamp=25890292, id=106, objectName='null', returnAddress='null'}
19:30:07.370 [QueueListener Request Queue test] DEBUG i.a.qbit.service.impl.ServiceImpl - ServiceImpl::receive() 
RESPONSE
ResponseImpl{address='add', params=null, body=3}
FROM CALL
MethodCallImpl{name='add', address='', params=io.advantageous.qbit.util.MultiMap$1@368b9426, body=[1, 2], timestamp=25890292, id=106, objectName='null', returnAddress='null'}


19:30:07.370 [QueueListener Request Queue test] DEBUG i.a.qbit.service.impl.ServiceImpl - ServiceImpl::doHandleMethodCall() METHOD CALLMethodCallImpl{name='add', address='', params=io.advantageous.qbit.util.MultiMap$1@368b9426, body=[1, 2], timestamp=25890292, id=107, objectName='null', returnAddress='null'}
19:30:07.370 [QueueListener Request Queue test] DEBUG i.a.qbit.service.impl.ServiceImpl - ServiceImpl::receive() 
RESPONSE
ResponseImpl{address='add', params=null, body=3}
FROM CALL
MethodCallImpl{name='add', address='', params=io.advantageous.qbit.util.MultiMap$1@368b9426, body=[1, 2], timestamp=25890292, id=107, objectName='null', returnAddress='null'}


Queue Limit 
Queue Empty 
19:30:07.370 [QueueListener Request Queue test] DEBUG i.a.qbit.service.impl.ServiceImpl - ServiceImpl::doHandleMethodCall() METHOD CALLMethodCallImpl{name='add', address='', params=io.advantageous.qbit.util.MultiMap$1@368b9426, body=[1, 2], timestamp=25890292, id=108, objectName='null', returnAddress='null'}
19:30:07.370 [QueueListener Request Queue test] DEBUG i.a.qbit.service.impl.ServiceImpl - ServiceImpl::receive() 
RESPONSE
ResponseImpl{address='add', params=null, body=3}
FROM CALL
MethodCallImpl{name='add', address='', params=io.advantageous.qbit.util.MultiMap$1@368b9426, body=[1, 2], timestamp=25890292, id=108, objectName='null', returnAddress='null'}


19:30:07.370 [QueueListener Request Queue test] DEBUG i.a.qbit.service.impl.ServiceImpl - ServiceImpl::doHandleMethodCall() METHOD CALLMethodCallImpl{name='add', address='', params=io.advantageous.qbit.util.MultiMap$1@368b9426, body=[1, 2], timestamp=25890292, id=109, objectName='null', returnAddress='null'}
19:30:07.370 [QueueListener Request Queue test] DEBUG i.a.qbit.service.impl.ServiceImpl - ServiceImpl::receive() 
RESPONSE
ResponseImpl{address='add', params=null, body=3}
FROM CALL
MethodCallImpl{name='add', address='', params=io.advantageous.qbit.util.MultiMap$1@368b9426, body=[1, 2], timestamp=25890292, id=109, objectName='null', returnAddress='null'}


19:30:07.370 [QueueListener Request Queue test] DEBUG i.a.qbit.service.impl.ServiceImpl - ServiceImpl::doHandleMethodCall() METHOD CALLMethodCallImpl{name='add', address='', params=io.advantageous.qbit.util.MultiMap$1@368b9426, body=[1, 2], timestamp=25890292, id=110, objectName='null', returnAddress='null'}
19:30:07.370 [QueueListener Request Queue test] DEBUG i.a.qbit.service.impl.ServiceImpl - ServiceImpl::receive() 
RESPONSE
ResponseImpl{address='add', params=null, body=3}
FROM CALL
MethodCallImpl{name='add', address='', params=io.advantageous.qbit.util.MultiMap$1@368b9426, body=[1, 2], timestamp=25890292, id=110, objectName='null', returnAddress='null'}


19:30:07.370 [QueueListener Request Queue test] DEBUG i.a.qbit.service.impl.ServiceImpl - ServiceImpl::doHandleMethodCall() METHOD CALLMethodCallImpl{name='add', address='', params=io.advantageous.qbit.util.MultiMap$1@368b9426, body=[1, 2], timestamp=25890292, id=111, objectName='null', returnAddress='null'}
19:30:07.370 [QueueListener Request Queue test] DEBUG i.a.qbit.service.impl.ServiceImpl - ServiceImpl::receive() 
RESPONSE
ResponseImpl{address='add', params=null, body=3}
FROM CALL
MethodCallImpl{name='add', address='', params=io.advantageous.qbit.util.MultiMap$1@368b9426, body=[1, 2], timestamp=25890292, id=111, objectName='null', returnAddress='null'}


19:30:07.371 [QueueListener Request Queue test] DEBUG i.a.qbit.service.impl.ServiceImpl - ServiceImpl::doHandleMethodCall() METHOD CALLMethodCallImpl{name='add', address='', params=io.advantageous.qbit.util.MultiMap$1@368b9426, body=[1, 2], timestamp=25890292, id=112, objectName='null', returnAddress='null'}
19:30:07.371 [QueueListener Request Queue test] DEBUG i.a.qbit.service.impl.ServiceImpl - ServiceImpl::receive() 
RESPONSE
ResponseImpl{address='add', params=null, body=3}
FROM CALL
MethodCallImpl{name='add', address='', params=io.advantageous.qbit.util.MultiMap$1@368b9426, body=[1, 2], timestamp=25890292, id=112, objectName='null', returnAddress='null'}


19:30:07.371 [QueueListener Request Queue test] DEBUG i.a.qbit.service.impl.ServiceImpl - ServiceImpl::doHandleMethodCall() METHOD CALLMethodCallImpl{name='add', address='', params=io.advantageous.qbit.util.MultiMap$1@368b9426, body=[1, 2], timestamp=25890292, id=113, objectName='null', returnAddress='null'}
19:30:07.371 [QueueListener Request Queue test] DEBUG i.a.qbit.service.impl.ServiceImpl - ServiceImpl::receive() 
RESPONSE
ResponseImpl{address='add', params=null, body=3}
FROM CALL
MethodCallImpl{name='add', address='', params=io.advantageous.qbit.util.MultiMap$1@368b9426, body=[1, 2], timestamp=25890292, id=113, objectName='null', returnAddress='null'}


Queue Limit 
Queue Empty 
19:30:07.371 [QueueListener Request Queue test] DEBUG i.a.qbit.service.impl.ServiceImpl - ServiceImpl::doHandleMethodCall() METHOD CALLMethodCallImpl{name='add', address='', params=io.advantageous.qbit.util.MultiMap$1@368b9426, body=[1, 2], timestamp=25890292, id=114, objectName='null', returnAddress='null'}
19:30:07.371 [QueueListener Request Queue test] DEBUG i.a.qbit.service.impl.ServiceImpl - ServiceImpl::receive() 
RESPONSE
ResponseImpl{address='add', params=null, body=3}
FROM CALL
MethodCallImpl{name='add', address='', params=io.advantageous.qbit.util.MultiMap$1@368b9426, body=[1, 2], timestamp=25890292, id=114, objectName='null', returnAddress='null'}


19:30:07.371 [QueueListener Request Queue test] DEBUG i.a.qbit.service.impl.ServiceImpl - ServiceImpl::doHandleMethodCall() METHOD CALLMethodCallImpl{name='add', address='', params=io.advantageous.qbit.util.MultiMap$1@368b9426, body=[1, 2], timestamp=25890292, id=115, objectName='null', returnAddress='null'}
19:30:07.371 [QueueListener Request Queue test] DEBUG i.a.qbit.service.impl.ServiceImpl - ServiceImpl::receive() 
RESPONSE
ResponseImpl{address='add', params=null, body=3}
FROM CALL
MethodCallImpl{name='add', address='', params=io.advantageous.qbit.util.MultiMap$1@368b9426, body=[1, 2], timestamp=25890292, id=115, objectName='null', returnAddress='null'}


19:30:07.371 [QueueListener Request Queue test] DEBUG i.a.qbit.service.impl.ServiceImpl - ServiceImpl::doHandleMethodCall() METHOD CALLMethodCallImpl{name='add', address='', params=io.advantageous.qbit.util.MultiMap$1@368b9426, body=[1, 2], timestamp=25890292, id=116, objectName='null', returnAddress='null'}
19:30:07.371 [QueueListener Request Queue test] DEBUG i.a.qbit.service.impl.ServiceImpl - ServiceImpl::receive() 
RESPONSE
ResponseImpl{address='add', params=null, body=3}
FROM CALL
MethodCallImpl{name='add', address='', params=io.advantageous.qbit.util.MultiMap$1@368b9426, body=[1, 2], timestamp=25890292, id=116, objectName='null', returnAddress='null'}


19:30:07.371 [QueueListener Request Queue test] DEBUG i.a.qbit.service.impl.ServiceImpl - ServiceImpl::doHandleMethodCall() METHOD CALLMethodCallImpl{name='add', address='', params=io.advantageous.qbit.util.MultiMap$1@368b9426, body=[1, 2], timestamp=25890292, id=117, objectName='null', returnAddress='null'}
19:30:07.371 [QueueListener Request Queue test] DEBUG i.a.qbit.service.impl.ServiceImpl - ServiceImpl::receive() 
RESPONSE
ResponseImpl{address='add', params=null, body=3}
FROM CALL
MethodCallImpl{name='add', address='', params=io.advantageous.qbit.util.MultiMap$1@368b9426, body=[1, 2], timestamp=25890292, id=117, objectName='null', returnAddress='null'}


19:30:07.372 [QueueListener Request Queue test] DEBUG i.a.qbit.service.impl.ServiceImpl - ServiceImpl::doHandleMethodCall() METHOD CALLMethodCallImpl{name='add', address='', params=io.advantageous.qbit.util.MultiMap$1@368b9426, body=[1, 2], timestamp=25890292, id=118, objectName='null', returnAddress='null'}
19:30:07.373 [QueueListener Request Queue test] DEBUG i.a.qbit.service.impl.ServiceImpl - ServiceImpl::receive() 
RESPONSE
ResponseImpl{address='add', params=null, body=3}
FROM CALL
MethodCallImpl{name='add', address='', params=io.advantageous.qbit.util.MultiMap$1@368b9426, body=[1, 2], timestamp=25890292, id=118, objectName='null', returnAddress='null'}


19:30:07.373 [QueueListener Request Queue test] DEBUG i.a.qbit.service.impl.ServiceImpl - ServiceImpl::doHandleMethodCall() METHOD CALLMethodCallImpl{name='add', address='', params=io.advantageous.qbit.util.MultiMap$1@368b9426, body=[1, 2], timestamp=25890292, id=119, objectName='null', returnAddress='null'}
19:30:07.373 [QueueListener Request Queue test] DEBUG i.a.qbit.service.impl.ServiceImpl - ServiceImpl::receive() 
RESPONSE
ResponseImpl{address='add', params=null, body=3}
FROM CALL
MethodCallImpl{name='add', address='', params=io.advantageous.qbit.util.MultiMap$1@368b9426, body=[1, 2], timestamp=25890292, id=119, objectName='null', returnAddress='null'}


Queue Limit 
Queue Empty 
19:30:07.373 [QueueListener Request Queue test] DEBUG i.a.qbit.service.impl.ServiceImpl - ServiceImpl::doHandleMethodCall() METHOD CALLMethodCallImpl{name='add', address='', params=io.advantageous.qbit.util.MultiMap$1@368b9426, body=[1, 2], timestamp=25890292, id=120, objectName='null', returnAddress='null'}
19:30:07.373 [QueueListener Request Queue test] DEBUG i.a.qbit.service.impl.ServiceImpl - ServiceImpl::receive() 
RESPONSE
ResponseImpl{address='add', params=null, body=3}
FROM CALL
MethodCallImpl{name='add', address='', params=io.advantageous.qbit.util.MultiMap$1@368b9426, body=[1, 2], timestamp=25890292, id=120, objectName='null', returnAddress='null'}


19:30:07.373 [QueueListener Request Queue test] DEBUG i.a.qbit.service.impl.ServiceImpl - ServiceImpl::doHandleMethodCall() METHOD CALLMethodCallImpl{name='add', address='', params=io.advantageous.qbit.util.MultiMap$1@368b9426, body=[1, 2], timestamp=25890292, id=121, objectName='null', returnAddress='null'}
19:30:07.373 [QueueListener Request Queue test] DEBUG i.a.qbit.service.impl.ServiceImpl - ServiceImpl::receive() 
RESPONSE
ResponseImpl{address='add', params=null, body=3}
FROM CALL
MethodCallImpl{name='add', address='', params=io.advantageous.qbit.util.MultiMap$1@368b9426, body=[1, 2], timestamp=25890292, id=121, objectName='null', returnAddress='null'}


19:30:07.373 [QueueListener Request Queue test] DEBUG i.a.qbit.service.impl.ServiceImpl - ServiceImpl::doHandleMethodCall() METHOD CALLMethodCallImpl{name='add', address='', params=io.advantageous.qbit.util.MultiMap$1@368b9426, body=[1, 2], timestamp=25890292, id=122, objectName='null', returnAddress='null'}
19:30:07.373 [QueueListener Request Queue test] DEBUG i.a.qbit.service.impl.ServiceImpl - ServiceImpl::receive() 
RESPONSE
ResponseImpl{address='add', params=null, body=3}
FROM CALL
MethodCallImpl{name='add', address='', params=io.advantageous.qbit.util.MultiMap$1@368b9426, body=[1, 2], timestamp=25890292, id=122, objectName='null', returnAddress='null'}


19:30:07.373 [QueueListener Request Queue test] DEBUG i.a.qbit.service.impl.ServiceImpl - ServiceImpl::doHandleMethodCall() METHOD CALLMethodCallImpl{name='add', address='', params=io.advantageous.qbit.util.MultiMap$1@368b9426, body=[1, 2], timestamp=25890292, id=123, objectName='null', returnAddress='null'}
19:30:07.373 [QueueListener Request Queue test] DEBUG i.a.qbit.service.impl.ServiceImpl - ServiceImpl::receive() 
RESPONSE
ResponseImpl{address='add', params=null, body=3}
FROM CALL
MethodCallImpl{name='add', address='', params=io.advantageous.qbit.util.MultiMap$1@368b9426, body=[1, 2], timestamp=25890292, id=123, objectName='null', returnAddress='null'}


19:30:07.373 [QueueListener Request Queue test] DEBUG i.a.qbit.service.impl.ServiceImpl - ServiceImpl::doHandleMethodCall() METHOD CALLMethodCallImpl{name='add', address='', params=io.advantageous.qbit.util.MultiMap$1@368b9426, body=[1, 2], timestamp=25890292, id=124, objectName='null', returnAddress='null'}
19:30:07.373 [QueueListener Request Queue test] DEBUG i.a.qbit.service.impl.ServiceImpl - ServiceImpl::receive() 
RESPONSE
ResponseImpl{address='add', params=null, body=3}
FROM CALL
MethodCallImpl{name='add', address='', params=io.advantageous.qbit.util.MultiMap$1@368b9426, body=[1, 2], timestamp=25890292, id=124, objectName='null', returnAddress='null'}


19:30:07.373 [QueueListener Request Queue test] DEBUG i.a.qbit.service.impl.ServiceImpl - ServiceImpl::doHandleMethodCall() METHOD CALLMethodCallImpl{name='add', address='', params=io.advantageous.qbit.util.MultiMap$1@368b9426, body=[1, 2], timestamp=25890292, id=125, objectName='null', returnAddress='null'}
19:30:07.373 [QueueListener Request Queue test] DEBUG i.a.qbit.service.impl.ServiceImpl - ServiceImpl::receive() 
RESPONSE
ResponseImpl{address='add', params=null, body=3}
FROM CALL
MethodCallImpl{name='add', address='', params=io.advantageous.qbit.util.MultiMap$1@368b9426, body=[1, 2], timestamp=25890292, id=125, objectName='null', returnAddress='null'}


Queue Limit 
Queue Empty 
19:30:07.373 [QueueListener Request Queue test] DEBUG i.a.qbit.service.impl.ServiceImpl - ServiceImpl::doHandleMethodCall() METHOD CALLMethodCallImpl{name='add', address='', params=io.advantageous.qbit.util.MultiMap$1@368b9426, body=[1, 2], timestamp=25890292, id=126, objectName='null', returnAddress='null'}
19:30:07.374 [QueueListener Request Queue test] DEBUG i.a.qbit.service.impl.ServiceImpl - ServiceImpl::receive() 
RESPONSE
ResponseImpl{address='add', params=null, body=3}
FROM CALL
MethodCallImpl{name='add', address='', params=io.advantageous.qbit.util.MultiMap$1@368b9426, body=[1, 2], timestamp=25890292, id=126, objectName='null', returnAddress='null'}


19:30:07.374 [QueueListener Request Queue test] DEBUG i.a.qbit.service.impl.ServiceImpl - ServiceImpl::doHandleMethodCall() METHOD CALLMethodCallImpl{name='add', address='', params=io.advantageous.qbit.util.MultiMap$1@368b9426, body=[1, 2], timestamp=25890292, id=127, objectName='null', returnAddress='null'}
19:30:07.374 [QueueListener Request Queue test] DEBUG i.a.qbit.service.impl.ServiceImpl - ServiceImpl::receive() 
RESPONSE
ResponseImpl{address='add', params=null, body=3}
FROM CALL
MethodCallImpl{name='add', address='', params=io.advantageous.qbit.util.MultiMap$1@368b9426, body=[1, 2], timestamp=25890292, id=127, objectName='null', returnAddress='null'}


19:30:07.374 [QueueListener Request Queue test] DEBUG i.a.qbit.service.impl.ServiceImpl - ServiceImpl::doHandleMethodCall() METHOD CALLMethodCallImpl{name='add', address='', params=io.advantageous.qbit.util.MultiMap$1@368b9426, body=[1, 2], timestamp=25890292, id=128, objectName='null', returnAddress='null'}
19:30:07.374 [QueueListener Request Queue test] DEBUG i.a.qbit.service.impl.ServiceImpl - ServiceImpl::receive() 
RESPONSE
ResponseImpl{address='add', params=null, body=3}
FROM CALL
MethodCallImpl{name='add', address='', params=io.advantageous.qbit.util.MultiMap$1@368b9426, body=[1, 2], timestamp=25890292, id=128, objectName='null', returnAddress='null'}


19:30:07.374 [QueueListener Request Queue test] DEBUG i.a.qbit.service.impl.ServiceImpl - ServiceImpl::doHandleMethodCall() METHOD CALLMethodCallImpl{name='add', address='', params=io.advantageous.qbit.util.MultiMap$1@368b9426, body=[1, 2], timestamp=25890292, id=129, objectName='null', returnAddress='null'}
19:30:07.374 [QueueListener Request Queue test] DEBUG i.a.qbit.service.impl.ServiceImpl - ServiceImpl::receive() 
RESPONSE
ResponseImpl{address='add', params=null, body=3}
FROM CALL
MethodCallImpl{name='add', address='', params=io.advantageous.qbit.util.MultiMap$1@368b9426, body=[1, 2], timestamp=25890292, id=129, objectName='null', returnAddress='null'}


19:30:07.374 [QueueListener Request Queue test] DEBUG i.a.qbit.service.impl.ServiceImpl - ServiceImpl::doHandleMethodCall() METHOD CALLMethodCallImpl{name='add', address='', params=io.advantageous.qbit.util.MultiMap$1@368b9426, body=[1, 2], timestamp=25890292, id=130, objectName='null', returnAddress='null'}
19:30:07.374 [QueueListener Request Queue test] DEBUG i.a.qbit.service.impl.ServiceImpl - ServiceImpl::receive() 
RESPONSE
ResponseImpl{address='add', params=null, body=3}
FROM CALL
MethodCallImpl{name='add', address='', params=io.advantageous.qbit.util.MultiMap$1@368b9426, body=[1, 2], timestamp=25890292, id=130, objectName='null', returnAddress='null'}


19:30:07.374 [QueueListener Request Queue test] DEBUG i.a.qbit.service.impl.ServiceImpl - ServiceImpl::doHandleMethodCall() METHOD CALLMethodCallImpl{name='add', address='', params=io.advantageous.qbit.util.MultiMap$1@368b9426, body=[1, 2], timestamp=25890292, id=131, objectName='null', returnAddress='null'}
19:30:07.374 [QueueListener Request Queue test] DEBUG i.a.qbit.service.impl.ServiceImpl - ServiceImpl::receive() 
RESPONSE
ResponseImpl{address='add', params=null, body=3}
FROM CALL
MethodCallImpl{name='add', address='', params=io.advantageous.qbit.util.MultiMap$1@368b9426, body=[1, 2], timestamp=25890292, id=131, objectName='null', returnAddress='null'}


Queue Limit 
Queue Empty 
19:30:07.374 [QueueListener Request Queue test] DEBUG i.a.qbit.service.impl.ServiceImpl - ServiceImpl::doHandleMethodCall() METHOD CALLMethodCallImpl{name='add', address='', params=io.advantageous.qbit.util.MultiMap$1@368b9426, body=[1, 2], timestamp=25890292, id=132, objectName='null', returnAddress='null'}
19:30:07.374 [QueueListener Request Queue test] DEBUG i.a.qbit.service.impl.ServiceImpl - ServiceImpl::receive() 
RESPONSE
ResponseImpl{address='add', params=null, body=3}
FROM CALL
MethodCallImpl{name='add', address='', params=io.advantageous.qbit.util.MultiMap$1@368b9426, body=[1, 2], timestamp=25890292, id=132, objectName='null', returnAddress='null'}


19:30:07.374 [QueueListener Request Queue test] DEBUG i.a.qbit.service.impl.ServiceImpl - ServiceImpl::doHandleMethodCall() METHOD CALLMethodCallImpl{name='add', address='', params=io.advantageous.qbit.util.MultiMap$1@368b9426, body=[1, 2], timestamp=25890292, id=133, objectName='null', returnAddress='null'}
19:30:07.374 [QueueListener Request Queue test] DEBUG i.a.qbit.service.impl.ServiceImpl - ServiceImpl::receive() 
RESPONSE
ResponseImpl{address='add', params=null, body=3}
FROM CALL
MethodCallImpl{name='add', address='', params=io.advantageous.qbit.util.MultiMap$1@368b9426, body=[1, 2], timestamp=25890292, id=133, objectName='null', returnAddress='null'}


19:30:07.374 [QueueListener Request Queue test] DEBUG i.a.qbit.service.impl.ServiceImpl - ServiceImpl::doHandleMethodCall() METHOD CALLMethodCallImpl{name='add', address='', params=io.advantageous.qbit.util.MultiMap$1@368b9426, body=[1, 2], timestamp=25890292, id=134, objectName='null', returnAddress='null'}
19:30:07.374 [QueueListener Request Queue test] DEBUG i.a.qbit.service.impl.ServiceImpl - ServiceImpl::receive() 
RESPONSE
ResponseImpl{address='add', params=null, body=3}
FROM CALL
MethodCallImpl{name='add', address='', params=io.advantageous.qbit.util.MultiMap$1@368b9426, body=[1, 2], timestamp=25890292, id=134, objectName='null', returnAddress='null'}


19:30:07.374 [QueueListener Request Queue test] DEBUG i.a.qbit.service.impl.ServiceImpl - ServiceImpl::doHandleMethodCall() METHOD CALLMethodCallImpl{name='add', address='', params=io.advantageous.qbit.util.MultiMap$1@368b9426, body=[1, 2], timestamp=25890292, id=135, objectName='null', returnAddress='null'}
19:30:07.374 [QueueListener Request Queue test] DEBUG i.a.qbit.service.impl.ServiceImpl - ServiceImpl::receive() 
RESPONSE
ResponseImpl{address='add', params=null, body=3}
FROM CALL
MethodCallImpl{name='add', address='', params=io.advantageous.qbit.util.MultiMap$1@368b9426, body=[1, 2], timestamp=25890292, id=135, objectName='null', returnAddress='null'}


19:30:07.374 [QueueListener Request Queue test] DEBUG i.a.qbit.service.impl.ServiceImpl - ServiceImpl::doHandleMethodCall() METHOD CALLMethodCallImpl{name='add', address='', params=io.advantageous.qbit.util.MultiMap$1@368b9426, body=[1, 2], timestamp=25890292, id=136, objectName='null', returnAddress='null'}
19:30:07.374 [QueueListener Request Queue test] DEBUG i.a.qbit.service.impl.ServiceImpl - ServiceImpl::receive() 
RESPONSE
ResponseImpl{address='add', params=null, body=3}
FROM CALL
MethodCallImpl{name='add', address='', params=io.advantageous.qbit.util.MultiMap$1@368b9426, body=[1, 2], timestamp=25890292, id=136, objectName='null', returnAddress='null'}


19:30:07.374 [QueueListener Request Queue test] DEBUG i.a.qbit.service.impl.ServiceImpl - ServiceImpl::doHandleMethodCall() METHOD CALLMethodCallImpl{name='add', address='', params=io.advantageous.qbit.util.MultiMap$1@368b9426, body=[1, 2], timestamp=25890292, id=137, objectName='null', returnAddress='null'}
19:30:07.374 [QueueListener Request Queue test] DEBUG i.a.qbit.service.impl.ServiceImpl - ServiceImpl::receive() 
RESPONSE
ResponseImpl{address='add', params=null, body=3}
FROM CALL
MethodCallImpl{name='add', address='', params=io.advantageous.qbit.util.MultiMap$1@368b9426, body=[1, 2], timestamp=25890292, id=137, objectName='null', returnAddress='null'}


Queue Limit 
Queue Empty 
19:30:07.375 [QueueListener Request Queue test] DEBUG i.a.qbit.service.impl.ServiceImpl - ServiceImpl::doHandleMethodCall() METHOD CALLMethodCallImpl{name='add', address='', params=io.advantageous.qbit.util.MultiMap$1@368b9426, body=[1, 2], timestamp=25890292, id=138, objectName='null', returnAddress='null'}
19:30:07.375 [QueueListener Request Queue test] DEBUG i.a.qbit.service.impl.ServiceImpl - ServiceImpl::receive() 
RESPONSE
ResponseImpl{address='add', params=null, body=3}
FROM CALL
MethodCallImpl{name='add', address='', params=io.advantageous.qbit.util.MultiMap$1@368b9426, body=[1, 2], timestamp=25890292, id=138, objectName='null', returnAddress='null'}


19:30:07.375 [QueueListener Request Queue test] DEBUG i.a.qbit.service.impl.ServiceImpl - ServiceImpl::doHandleMethodCall() METHOD CALLMethodCallImpl{name='add', address='', params=io.advantageous.qbit.util.MultiMap$1@368b9426, body=[1, 2], timestamp=25890292, id=139, objectName='null', returnAddress='null'}
19:30:07.375 [QueueListener Request Queue test] DEBUG i.a.qbit.service.impl.ServiceImpl - ServiceImpl::receive() 
RESPONSE
ResponseImpl{address='add', params=null, body=3}
FROM CALL
MethodCallImpl{name='add', address='', params=io.advantageous.qbit.util.MultiMap$1@368b9426, body=[1, 2], timestamp=25890292, id=139, objectName='null', returnAddress='null'}


19:30:07.375 [QueueListener Request Queue test] DEBUG i.a.qbit.service.impl.ServiceImpl - ServiceImpl::doHandleMethodCall() METHOD CALLMethodCallImpl{name='add', address='', params=io.advantageous.qbit.util.MultiMap$1@368b9426, body=[1, 2], timestamp=25890292, id=140, objectName='null', returnAddress='null'}
19:30:07.375 [QueueListener Request Queue test] DEBUG i.a.qbit.service.impl.ServiceImpl - ServiceImpl::receive() 
RESPONSE
ResponseImpl{address='add', params=null, body=3}
FROM CALL
MethodCallImpl{name='add', address='', params=io.advantageous.qbit.util.MultiMap$1@368b9426, body=[1, 2], timestamp=25890292, id=140, objectName='null', returnAddress='null'}


19:30:07.375 [QueueListener Request Queue test] DEBUG i.a.qbit.service.impl.ServiceImpl - ServiceImpl::doHandleMethodCall() METHOD CALLMethodCallImpl{name='add', address='', params=io.advantageous.qbit.util.MultiMap$1@368b9426, body=[1, 2], timestamp=25890292, id=141, objectName='null', returnAddress='null'}
19:30:07.375 [QueueListener Request Queue test] DEBUG i.a.qbit.service.impl.ServiceImpl - ServiceImpl::receive() 
RESPONSE
ResponseImpl{address='add', params=null, body=3}
FROM CALL
MethodCallImpl{name='add', address='', params=io.advantageous.qbit.util.MultiMap$1@368b9426, body=[1, 2], timestamp=25890292, id=141, objectName='null', returnAddress='null'}


19:30:07.375 [QueueListener Request Queue test] DEBUG i.a.qbit.service.impl.ServiceImpl - ServiceImpl::doHandleMethodCall() METHOD CALLMethodCallImpl{name='add', address='', params=io.advantageous.qbit.util.MultiMap$1@368b9426, body=[1, 2], timestamp=25890292, id=142, objectName='null', returnAddress='null'}
19:30:07.375 [QueueListener Request Queue test] DEBUG i.a.qbit.service.impl.ServiceImpl - ServiceImpl::receive() 
RESPONSE
ResponseImpl{address='add', params=null, body=3}
FROM CALL
MethodCallImpl{name='add', address='', params=io.advantageous.qbit.util.MultiMap$1@368b9426, body=[1, 2], timestamp=25890292, id=142, objectName='null', returnAddress='null'}


19:30:07.375 [QueueListener Request Queue test] DEBUG i.a.qbit.service.impl.ServiceImpl - ServiceImpl::doHandleMethodCall() METHOD CALLMethodCallImpl{name='add', address='', params=io.advantageous.qbit.util.MultiMap$1@368b9426, body=[1, 2], timestamp=25890292, id=143, objectName='null', returnAddress='null'}
19:30:07.375 [QueueListener Request Queue test] DEBUG i.a.qbit.service.impl.ServiceImpl - ServiceImpl::receive() 
RESPONSE
ResponseImpl{address='add', params=null, body=3}
FROM CALL
MethodCallImpl{name='add', address='', params=io.advantageous.qbit.util.MultiMap$1@368b9426, body=[1, 2], timestamp=25890292, id=143, objectName='null', returnAddress='null'}


Queue Limit 
Queue Empty 
19:30:07.377 [QueueListener Request Queue test] DEBUG i.a.qbit.service.impl.ServiceImpl - ServiceImpl::doHandleMethodCall() METHOD CALLMethodCallImpl{name='add', address='', params=io.advantageous.qbit.util.MultiMap$1@368b9426, body=[1, 2], timestamp=25890292, id=144, objectName='null', returnAddress='null'}
19:30:07.377 [QueueListener Request Queue test] DEBUG i.a.qbit.service.impl.ServiceImpl - ServiceImpl::receive() 
RESPONSE
ResponseImpl{address='add', params=null, body=3}
FROM CALL
MethodCallImpl{name='add', address='', params=io.advantageous.qbit.util.MultiMap$1@368b9426, body=[1, 2], timestamp=25890292, id=144, objectName='null', returnAddress='null'}


19:30:07.377 [QueueListener Request Queue test] DEBUG i.a.qbit.service.impl.ServiceImpl - ServiceImpl::doHandleMethodCall() METHOD CALLMethodCallImpl{name='add', address='', params=io.advantageous.qbit.util.MultiMap$1@368b9426, body=[1, 2], timestamp=25890292, id=145, objectName='null', returnAddress='null'}
19:30:07.377 [QueueListener Request Queue test] DEBUG i.a.qbit.service.impl.ServiceImpl - ServiceImpl::receive() 
RESPONSE
ResponseImpl{address='add', params=null, body=3}
FROM CALL
MethodCallImpl{name='add', address='', params=io.advantageous.qbit.util.MultiMap$1@368b9426, body=[1, 2], timestamp=25890292, id=145, objectName='null', returnAddress='null'}


19:30:07.377 [QueueListener Request Queue test] DEBUG i.a.qbit.service.impl.ServiceImpl - ServiceImpl::doHandleMethodCall() METHOD CALLMethodCallImpl{name='add', address='', params=io.advantageous.qbit.util.MultiMap$1@368b9426, body=[1, 2], timestamp=25890292, id=146, objectName='null', returnAddress='null'}
19:30:07.377 [QueueListener Request Queue test] DEBUG i.a.qbit.service.impl.ServiceImpl - ServiceImpl::receive() 
RESPONSE
ResponseImpl{address='add', params=null, body=3}
FROM CALL
MethodCallImpl{name='add', address='', params=io.advantageous.qbit.util.MultiMap$1@368b9426, body=[1, 2], timestamp=25890292, id=146, objectName='null', returnAddress='null'}


19:30:07.377 [QueueListener Request Queue test] DEBUG i.a.qbit.service.impl.ServiceImpl - ServiceImpl::doHandleMethodCall() METHOD CALLMethodCallImpl{name='add', address='', params=io.advantageous.qbit.util.MultiMap$1@368b9426, body=[1, 2], timestamp=25890292, id=147, objectName='null', returnAddress='null'}
19:30:07.377 [QueueListener Request Queue test] DEBUG i.a.qbit.service.impl.ServiceImpl - ServiceImpl::receive() 
RESPONSE
ResponseImpl{address='add', params=null, body=3}
FROM CALL
MethodCallImpl{name='add', address='', params=io.advantageous.qbit.util.MultiMap$1@368b9426, body=[1, 2], timestamp=25890292, id=147, objectName='null', returnAddress='null'}


19:30:07.377 [QueueListener Request Queue test] DEBUG i.a.qbit.service.impl.ServiceImpl - ServiceImpl::doHandleMethodCall() METHOD CALLMethodCallImpl{name='add', address='', params=io.advantageous.qbit.util.MultiMap$1@368b9426, body=[1, 2], timestamp=25890292, id=148, objectName='null', returnAddress='null'}
19:30:07.377 [QueueListener Request Queue test] DEBUG i.a.qbit.service.impl.ServiceImpl - ServiceImpl::receive() 
RESPONSE
ResponseImpl{address='add', params=null, body=3}
FROM CALL
MethodCallImpl{name='add', address='', params=io.advantageous.qbit.util.MultiMap$1@368b9426, body=[1, 2], timestamp=25890292, id=148, objectName='null', returnAddress='null'}


19:30:07.378 [QueueListener Request Queue test] DEBUG i.a.qbit.service.impl.ServiceImpl - ServiceImpl::doHandleMethodCall() METHOD CALLMethodCallImpl{name='add', address='', params=io.advantageous.qbit.util.MultiMap$1@368b9426, body=[1, 2], timestamp=25890292, id=149, objectName='null', returnAddress='null'}
19:30:07.378 [QueueListener Request Queue test] DEBUG i.a.qbit.service.impl.ServiceImpl - ServiceImpl::receive() 
RESPONSE
ResponseImpl{address='add', params=null, body=3}
FROM CALL
MethodCallImpl{name='add', address='', params=io.advantageous.qbit.util.MultiMap$1@368b9426, body=[1, 2], timestamp=25890292, id=149, objectName='null', returnAddress='null'}


Queue Limit 
Queue Empty 
19:30:07.378 [QueueListener Request Queue test] DEBUG i.a.qbit.service.impl.ServiceImpl - ServiceImpl::doHandleMethodCall() METHOD CALLMethodCallImpl{name='add', address='', params=io.advantageous.qbit.util.MultiMap$1@368b9426, body=[1, 2], timestamp=25890292, id=150, objectName='null', returnAddress='null'}
19:30:07.378 [QueueListener Request Queue test] DEBUG i.a.qbit.service.impl.ServiceImpl - ServiceImpl::receive() 
RESPONSE
ResponseImpl{address='add', params=null, body=3}
FROM CALL
MethodCallImpl{name='add', address='', params=io.advantageous.qbit.util.MultiMap$1@368b9426, body=[1, 2], timestamp=25890292, id=150, objectName='null', returnAddress='null'}


19:30:07.378 [QueueListener Request Queue test] DEBUG i.a.qbit.service.impl.ServiceImpl - ServiceImpl::doHandleMethodCall() METHOD CALLMethodCallImpl{name='add', address='', params=io.advantageous.qbit.util.MultiMap$1@368b9426, body=[1, 2], timestamp=25890292, id=151, objectName='null', returnAddress='null'}
19:30:07.378 [QueueListener Request Queue test] DEBUG i.a.qbit.service.impl.ServiceImpl - ServiceImpl::receive() 
RESPONSE
ResponseImpl{address='add', params=null, body=3}
FROM CALL
MethodCallImpl{name='add', address='', params=io.advantageous.qbit.util.MultiMap$1@368b9426, body=[1, 2], timestamp=25890292, id=151, objectName='null', returnAddress='null'}


19:30:07.378 [QueueListener Request Queue test] DEBUG i.a.qbit.service.impl.ServiceImpl - ServiceImpl::doHandleMethodCall() METHOD CALLMethodCallImpl{name='add', address='', params=io.advantageous.qbit.util.MultiMap$1@368b9426, body=[1, 2], timestamp=25890292, id=152, objectName='null', returnAddress='null'}
19:30:07.378 [QueueListener Request Queue test] DEBUG i.a.qbit.service.impl.ServiceImpl - ServiceImpl::receive() 
RESPONSE
ResponseImpl{address='add', params=null, body=3}
FROM CALL
MethodCallImpl{name='add', address='', params=io.advantageous.qbit.util.MultiMap$1@368b9426, body=[1, 2], timestamp=25890292, id=152, objectName='null', returnAddress='null'}


19:30:07.378 [QueueListener Request Queue test] DEBUG i.a.qbit.service.impl.ServiceImpl - ServiceImpl::doHandleMethodCall() METHOD CALLMethodCallImpl{name='add', address='', params=io.advantageous.qbit.util.MultiMap$1@368b9426, body=[1, 2], timestamp=25890292, id=153, objectName='null', returnAddress='null'}
19:30:07.379 [QueueListener Request Queue test] DEBUG i.a.qbit.service.impl.ServiceImpl - ServiceImpl::receive() 
RESPONSE
ResponseImpl{address='add', params=null, body=3}
FROM CALL
MethodCallImpl{name='add', address='', params=io.advantageous.qbit.util.MultiMap$1@368b9426, body=[1, 2], timestamp=25890292, id=153, objectName='null', returnAddress='null'}


19:30:07.379 [QueueListener Request Queue test] DEBUG i.a.qbit.service.impl.ServiceImpl - ServiceImpl::doHandleMethodCall() METHOD CALLMethodCallImpl{name='add', address='', params=io.advantageous.qbit.util.MultiMap$1@368b9426, body=[1, 2], timestamp=25890292, id=154, objectName='null', returnAddress='null'}
19:30:07.379 [QueueListener Request Queue test] DEBUG i.a.qbit.service.impl.ServiceImpl - ServiceImpl::receive() 
RESPONSE
ResponseImpl{address='add', params=null, body=3}
FROM CALL
MethodCallImpl{name='add', address='', params=io.advantageous.qbit.util.MultiMap$1@368b9426, body=[1, 2], timestamp=25890292, id=154, objectName='null', returnAddress='null'}


19:30:07.379 [QueueListener Request Queue test] DEBUG i.a.qbit.service.impl.ServiceImpl - ServiceImpl::doHandleMethodCall() METHOD CALLMethodCallImpl{name='add', address='', params=io.advantageous.qbit.util.MultiMap$1@368b9426, body=[1, 2], timestamp=25890292, id=155, objectName='null', returnAddress='null'}
19:30:07.379 [QueueListener Request Queue test] DEBUG i.a.qbit.service.impl.ServiceImpl - ServiceImpl::receive() 
RESPONSE
ResponseImpl{address='add', params=null, body=3}
FROM CALL
MethodCallImpl{name='add', address='', params=io.advantageous.qbit.util.MultiMap$1@368b9426, body=[1, 2], timestamp=25890292, id=155, objectName='null', returnAddress='null'}


Queue Limit 
Queue Empty 
19:30:07.379 [QueueListener Request Queue test] DEBUG i.a.qbit.service.impl.ServiceImpl - ServiceImpl::doHandleMethodCall() METHOD CALLMethodCallImpl{name='add', address='', params=io.advantageous.qbit.util.MultiMap$1@368b9426, body=[1, 2], timestamp=25890292, id=156, objectName='null', returnAddress='null'}
19:30:07.379 [QueueListener Request Queue test] DEBUG i.a.qbit.service.impl.ServiceImpl - ServiceImpl::receive() 
RESPONSE
ResponseImpl{address='add', params=null, body=3}
FROM CALL
MethodCallImpl{name='add', address='', params=io.advantageous.qbit.util.MultiMap$1@368b9426, body=[1, 2], timestamp=25890292, id=156, objectName='null', returnAddress='null'}


19:30:07.379 [QueueListener Request Queue test] DEBUG i.a.qbit.service.impl.ServiceImpl - ServiceImpl::doHandleMethodCall() METHOD CALLMethodCallImpl{name='add', address='', params=io.advantageous.qbit.util.MultiMap$1@368b9426, body=[1, 2], timestamp=25890292, id=157, objectName='null', returnAddress='null'}
19:30:07.379 [QueueListener Request Queue test] DEBUG i.a.qbit.service.impl.ServiceImpl - ServiceImpl::receive() 
RESPONSE
ResponseImpl{address='add', params=null, body=3}
FROM CALL
MethodCallImpl{name='add', address='', params=io.advantageous.qbit.util.MultiMap$1@368b9426, body=[1, 2], timestamp=25890292, id=157, objectName='null', returnAddress='null'}


19:30:07.379 [QueueListener Request Queue test] DEBUG i.a.qbit.service.impl.ServiceImpl - ServiceImpl::doHandleMethodCall() METHOD CALLMethodCallImpl{name='add', address='', params=io.advantageous.qbit.util.MultiMap$1@368b9426, body=[1, 2], timestamp=25890292, id=158, objectName='null', returnAddress='null'}
19:30:07.379 [QueueListener Request Queue test] DEBUG i.a.qbit.service.impl.ServiceImpl - ServiceImpl::receive() 
RESPONSE
ResponseImpl{address='add', params=null, body=3}
FROM CALL
MethodCallImpl{name='add', address='', params=io.advantageous.qbit.util.MultiMap$1@368b9426, body=[1, 2], timestamp=25890292, id=158, objectName='null', returnAddress='null'}


19:30:07.379 [QueueListener Request Queue test] DEBUG i.a.qbit.service.impl.ServiceImpl - ServiceImpl::doHandleMethodCall() METHOD CALLMethodCallImpl{name='add', address='', params=io.advantageous.qbit.util.MultiMap$1@368b9426, body=[1, 2], timestamp=25890292, id=159, objectName='null', returnAddress='null'}
19:30:07.380 [QueueListener Request Queue test] DEBUG i.a.qbit.service.impl.ServiceImpl - ServiceImpl::receive() 
RESPONSE
ResponseImpl{address='add', params=null, body=3}
FROM CALL
MethodCallImpl{name='add', address='', params=io.advantageous.qbit.util.MultiMap$1@368b9426, body=[1, 2], timestamp=25890292, id=159, objectName='null', returnAddress='null'}


19:30:07.380 [QueueListener Request Queue test] DEBUG i.a.qbit.service.impl.ServiceImpl - ServiceImpl::doHandleMethodCall() METHOD CALLMethodCallImpl{name='add', address='', params=io.advantageous.qbit.util.MultiMap$1@368b9426, body=[1, 2], timestamp=25890292, id=160, objectName='null', returnAddress='null'}
19:30:07.380 [QueueListener Request Queue test] DEBUG i.a.qbit.service.impl.ServiceImpl - ServiceImpl::receive() 
RESPONSE
ResponseImpl{address='add', params=null, body=3}
FROM CALL
MethodCallImpl{name='add', address='', params=io.advantageous.qbit.util.MultiMap$1@368b9426, body=[1, 2], timestamp=25890292, id=160, objectName='null', returnAddress='null'}


19:30:07.380 [QueueListener Request Queue test] DEBUG i.a.qbit.service.impl.ServiceImpl - ServiceImpl::doHandleMethodCall() METHOD CALLMethodCallImpl{name='add', address='', params=io.advantageous.qbit.util.MultiMap$1@368b9426, body=[1, 2], timestamp=25890292, id=161, objectName='null', returnAddress='null'}
19:30:07.380 [QueueListener Request Queue test] DEBUG i.a.qbit.service.impl.ServiceImpl - ServiceImpl::receive() 
RESPONSE
ResponseImpl{address='add', params=null, body=3}
FROM CALL
MethodCallImpl{name='add', address='', params=io.advantageous.qbit.util.MultiMap$1@368b9426, body=[1, 2], timestamp=25890292, id=161, objectName='null', returnAddress='null'}


Queue Limit 
Queue Empty 
19:30:07.380 [QueueListener Request Queue test] DEBUG i.a.qbit.service.impl.ServiceImpl - ServiceImpl::doHandleMethodCall() METHOD CALLMethodCallImpl{name='add', address='', params=io.advantageous.qbit.util.MultiMap$1@368b9426, body=[1, 2], timestamp=25890292, id=162, objectName='null', returnAddress='null'}
19:30:07.380 [QueueListener Request Queue test] DEBUG i.a.qbit.service.impl.ServiceImpl - ServiceImpl::receive() 
RESPONSE
ResponseImpl{address='add', params=null, body=3}
FROM CALL
MethodCallImpl{name='add', address='', params=io.advantageous.qbit.util.MultiMap$1@368b9426, body=[1, 2], timestamp=25890292, id=162, objectName='null', returnAddress='null'}


19:30:07.380 [QueueListener Request Queue test] DEBUG i.a.qbit.service.impl.ServiceImpl - ServiceImpl::doHandleMethodCall() METHOD CALLMethodCallImpl{name='add', address='', params=io.advantageous.qbit.util.MultiMap$1@368b9426, body=[1, 2], timestamp=25890292, id=163, objectName='null', returnAddress='null'}
19:30:07.380 [QueueListener Request Queue test] DEBUG i.a.qbit.service.impl.ServiceImpl - ServiceImpl::receive() 
RESPONSE
ResponseImpl{address='add', params=null, body=3}
FROM CALL
MethodCallImpl{name='add', address='', params=io.advantageous.qbit.util.MultiMap$1@368b9426, body=[1, 2], timestamp=25890292, id=163, objectName='null', returnAddress='null'}


19:30:07.380 [QueueListener Request Queue test] DEBUG i.a.qbit.service.impl.ServiceImpl - ServiceImpl::doHandleMethodCall() METHOD CALLMethodCallImpl{name='add', address='', params=io.advantageous.qbit.util.MultiMap$1@368b9426, body=[1, 2], timestamp=25890292, id=164, objectName='null', returnAddress='null'}
19:30:07.380 [QueueListener Request Queue test] DEBUG i.a.qbit.service.impl.ServiceImpl - ServiceImpl::receive() 
RESPONSE
ResponseImpl{address='add', params=null, body=3}
FROM CALL
MethodCallImpl{name='add', address='', params=io.advantageous.qbit.util.MultiMap$1@368b9426, body=[1, 2], timestamp=25890292, id=164, objectName='null', returnAddress='null'}


19:30:07.380 [QueueListener Request Queue test] DEBUG i.a.qbit.service.impl.ServiceImpl - ServiceImpl::doHandleMethodCall() METHOD CALLMethodCallImpl{name='add', address='', params=io.advantageous.qbit.util.MultiMap$1@368b9426, body=[1, 2], timestamp=25890292, id=165, objectName='null', returnAddress='null'}
19:30:07.380 [QueueListener Request Queue test] DEBUG i.a.qbit.service.impl.ServiceImpl - ServiceImpl::receive() 
RESPONSE
ResponseImpl{address='add', params=null, body=3}
FROM CALL
MethodCallImpl{name='add', address='', params=io.advantageous.qbit.util.MultiMap$1@368b9426, body=[1, 2], timestamp=25890292, id=165, objectName='null', returnAddress='null'}


19:30:07.380 [QueueListener Request Queue test] DEBUG i.a.qbit.service.impl.ServiceImpl - ServiceImpl::doHandleMethodCall() METHOD CALLMethodCallImpl{name='add', address='', params=io.advantageous.qbit.util.MultiMap$1@368b9426, body=[1, 2], timestamp=25890292, id=166, objectName='null', returnAddress='null'}
19:30:07.380 [QueueListener Request Queue test] DEBUG i.a.qbit.service.impl.ServiceImpl - ServiceImpl::receive() 
RESPONSE
ResponseImpl{address='add', params=null, body=3}
FROM CALL
MethodCallImpl{name='add', address='', params=io.advantageous.qbit.util.MultiMap$1@368b9426, body=[1, 2], timestamp=25890292, id=166, objectName='null', returnAddress='null'}


19:30:07.380 [QueueListener Request Queue test] DEBUG i.a.qbit.service.impl.ServiceImpl - ServiceImpl::doHandleMethodCall() METHOD CALLMethodCallImpl{name='add', address='', params=io.advantageous.qbit.util.MultiMap$1@368b9426, body=[1, 2], timestamp=25890292, id=167, objectName='null', returnAddress='null'}
19:30:07.380 [QueueListener Request Queue test] DEBUG i.a.qbit.service.impl.ServiceImpl - ServiceImpl::receive() 
RESPONSE
ResponseImpl{address='add', params=null, body=3}
FROM CALL
MethodCallImpl{name='add', address='', params=io.advantageous.qbit.util.MultiMap$1@368b9426, body=[1, 2], timestamp=25890292, id=167, objectName='null', returnAddress='null'}


Queue Limit 
Queue Empty 
19:30:07.380 [QueueListener Request Queue test] DEBUG i.a.qbit.service.impl.ServiceImpl - ServiceImpl::doHandleMethodCall() METHOD CALLMethodCallImpl{name='add', address='', params=io.advantageous.qbit.util.MultiMap$1@368b9426, body=[1, 2], timestamp=25890292, id=168, objectName='null', returnAddress='null'}
19:30:07.380 [QueueListener Request Queue test] DEBUG i.a.qbit.service.impl.ServiceImpl - ServiceImpl::receive() 
RESPONSE
ResponseImpl{address='add', params=null, body=3}
FROM CALL
MethodCallImpl{name='add', address='', params=io.advantageous.qbit.util.MultiMap$1@368b9426, body=[1, 2], timestamp=25890292, id=168, objectName='null', returnAddress='null'}


19:30:07.380 [QueueListener Request Queue test] DEBUG i.a.qbit.service.impl.ServiceImpl - ServiceImpl::doHandleMethodCall() METHOD CALLMethodCallImpl{name='add', address='', params=io.advantageous.qbit.util.MultiMap$1@368b9426, body=[1, 2], timestamp=25890292, id=169, objectName='null', returnAddress='null'}
19:30:07.380 [QueueListener Request Queue test] DEBUG i.a.qbit.service.impl.ServiceImpl - ServiceImpl::receive() 
RESPONSE
ResponseImpl{address='add', params=null, body=3}
FROM CALL
MethodCallImpl{name='add', address='', params=io.advantageous.qbit.util.MultiMap$1@368b9426, body=[1, 2], timestamp=25890292, id=169, objectName='null', returnAddress='null'}


19:30:07.380 [QueueListener Request Queue test] DEBUG i.a.qbit.service.impl.ServiceImpl - ServiceImpl::doHandleMethodCall() METHOD CALLMethodCallImpl{name='add', address='', params=io.advantageous.qbit.util.MultiMap$1@368b9426, body=[1, 2], timestamp=25890292, id=170, objectName='null', returnAddress='null'}
19:30:07.381 [QueueListener Request Queue test] DEBUG i.a.qbit.service.impl.ServiceImpl - ServiceImpl::receive() 
RESPONSE
ResponseImpl{address='add', params=null, body=3}
FROM CALL
MethodCallImpl{name='add', address='', params=io.advantageous.qbit.util.MultiMap$1@368b9426, body=[1, 2], timestamp=25890292, id=170, objectName='null', returnAddress='null'}


19:30:07.381 [QueueListener Request Queue test] DEBUG i.a.qbit.service.impl.ServiceImpl - ServiceImpl::doHandleMethodCall() METHOD CALLMethodCallImpl{name='add', address='', params=io.advantageous.qbit.util.MultiMap$1@368b9426, body=[1, 2], timestamp=25890292, id=171, objectName='null', returnAddress='null'}
19:30:07.381 [QueueListener Request Queue test] DEBUG i.a.qbit.service.impl.ServiceImpl - ServiceImpl::receive() 
RESPONSE
ResponseImpl{address='add', params=null, body=3}
FROM CALL
MethodCallImpl{name='add', address='', params=io.advantageous.qbit.util.MultiMap$1@368b9426, body=[1, 2], timestamp=25890292, id=171, objectName='null', returnAddress='null'}


19:30:07.381 [QueueListener Request Queue test] DEBUG i.a.qbit.service.impl.ServiceImpl - ServiceImpl::doHandleMethodCall() METHOD CALLMethodCallImpl{name='add', address='', params=io.advantageous.qbit.util.MultiMap$1@368b9426, body=[1, 2], timestamp=25890292, id=172, objectName='null', returnAddress='null'}
19:30:07.381 [QueueListener Request Queue test] DEBUG i.a.qbit.service.impl.ServiceImpl - ServiceImpl::receive() 
RESPONSE
ResponseImpl{address='add', params=null, body=3}
FROM CALL
MethodCallImpl{name='add', address='', params=io.advantageous.qbit.util.MultiMap$1@368b9426, body=[1, 2], timestamp=25890292, id=172, objectName='null', returnAddress='null'}


19:30:07.381 [QueueListener Request Queue test] DEBUG i.a.qbit.service.impl.ServiceImpl - ServiceImpl::doHandleMethodCall() METHOD CALLMethodCallImpl{name='add', address='', params=io.advantageous.qbit.util.MultiMap$1@368b9426, body=[1, 2], timestamp=25890292, id=173, objectName='null', returnAddress='null'}
19:30:07.381 [QueueListener Request Queue test] DEBUG i.a.qbit.service.impl.ServiceImpl - ServiceImpl::receive() 
RESPONSE
ResponseImpl{address='add', params=null, body=3}
FROM CALL
MethodCallImpl{name='add', address='', params=io.advantageous.qbit.util.MultiMap$1@368b9426, body=[1, 2], timestamp=25890292, id=173, objectName='null', returnAddress='null'}


Queue Limit 
Queue Empty 
19:30:07.381 [QueueListener Request Queue test] DEBUG i.a.qbit.service.impl.ServiceImpl - ServiceImpl::doHandleMethodCall() METHOD CALLMethodCallImpl{name='add', address='', params=io.advantageous.qbit.util.MultiMap$1@368b9426, body=[1, 2], timestamp=25890292, id=174, objectName='null', returnAddress='null'}
19:30:07.381 [QueueListener Request Queue test] DEBUG i.a.qbit.service.impl.ServiceImpl - ServiceImpl::receive() 
RESPONSE
ResponseImpl{address='add', params=null, body=3}
FROM CALL
MethodCallImpl{name='add', address='', params=io.advantageous.qbit.util.MultiMap$1@368b9426, body=[1, 2], timestamp=25890292, id=174, objectName='null', returnAddress='null'}


19:30:07.381 [QueueListener Request Queue test] DEBUG i.a.qbit.service.impl.ServiceImpl - ServiceImpl::doHandleMethodCall() METHOD CALLMethodCallImpl{name='add', address='', params=io.advantageous.qbit.util.MultiMap$1@368b9426, body=[1, 2], timestamp=25890292, id=175, objectName='null', returnAddress='null'}
[...]


19:30:07.594 [QueueListener Request Queue test] DEBUG i.a.qbit.service.impl.ServiceImpl - ServiceImpl::doHandleMethodCall() METHOD CALLMethodCallImpl{name='add', address='', params=io.advantageous.qbit.util.MultiMap$1@368b9426, body=[1, 2], timestamp=25890297, id=1036, objectName='null', returnAddress='null'}
19:30:07.594 [QueueListener Request Queue test] DEBUG i.a.qbit.service.impl.ServiceImpl - ServiceImpl::receive() 
RESPONSE
ResponseImpl{address='add', params=null, body=3}
FROM CALL
MethodCallImpl{name='add', address='', params=io.advantageous.qbit.util.MultiMap$1@368b9426, body=[1, 2], timestamp=25890297, id=1036, objectName='null', returnAddress='null'}


19:30:07.594 [QueueListener Request Queue test] DEBUG i.a.qbit.service.impl.ServiceImpl - ServiceImpl::doHandleMethodCall() METHOD CALLMethodCallImpl{name='add', address='', params=io.advantageous.qbit.util.MultiMap$1@368b9426, body=[1, 2], timestamp=25890297, id=1037, objectName='null', returnAddress='null'}
19:30:07.594 [QueueListener Request Queue test] DEBUG i.a.qbit.service.impl.ServiceImpl - ServiceImpl::receive() 
RESPONSE
ResponseImpl{address='add', params=null, body=3}
FROM CALL
MethodCallImpl{name='add', address='', params=io.advantageous.qbit.util.MultiMap$1@368b9426, body=[1, 2], timestamp=25890297, id=1037, objectName='null', returnAddress='null'}


Queue Limit 
Queue Empty 
19:30:07.594 [QueueListener Request Queue test] DEBUG i.a.qbit.service.impl.ServiceImpl - ServiceImpl::doHandleMethodCall() METHOD CALLMethodCallImpl{name='add', address='', params=io.advantageous.qbit.util.MultiMap$1@368b9426, body=[1, 2], timestamp=25890297, id=1038, objectName='null', returnAddress='null'}
19:30:07.594 [QueueListener Request Queue test] DEBUG i.a.qbit.service.impl.ServiceImpl - ServiceImpl::receive() 
RESPONSE
ResponseImpl{address='add', params=null, body=3}
FROM CALL
MethodCallImpl{name='add', address='', params=io.advantageous.qbit.util.MultiMap$1@368b9426, body=[1, 2], timestamp=25890297, id=1038, objectName='null', returnAddress='null'}


19:30:07.594 [QueueListener Request Queue test] DEBUG i.a.qbit.service.impl.ServiceImpl - ServiceImpl::doHandleMethodCall() METHOD CALLMethodCallImpl{name='add', address='', params=io.advantageous.qbit.util.MultiMap$1@368b9426, body=[1, 2], timestamp=25890297, id=1039, objectName='null', returnAddress='null'}
19:30:07.594 [QueueListener Request Queue test] DEBUG i.a.qbit.service.impl.ServiceImpl - ServiceImpl::receive() 
RESPONSE
ResponseImpl{address='add', params=null, body=3}
FROM CALL
MethodCallImpl{name='add', address='', params=io.advantageous.qbit.util.MultiMap$1@368b9426, body=[1, 2], timestamp=25890297, id=1039, objectName='null', returnAddress='null'}


19:30:07.594 [QueueListener Request Queue test] DEBUG i.a.qbit.service.impl.ServiceImpl - ServiceImpl::doHandleMethodCall() METHOD CALLMethodCallImpl{name='add', address='', params=io.advantageous.qbit.util.MultiMap$1@368b9426, body=[1, 2], timestamp=25890297, id=1040, objectName='null', returnAddress='null'}
19:30:07.594 [QueueListener Request Queue test] DEBUG i.a.qbit.service.impl.ServiceImpl - ServiceImpl::receive() 
RESPONSE
ResponseImpl{address='add', params=null, body=3}
FROM CALL
MethodCallImpl{name='add', address='', params=io.advantageous.qbit.util.MultiMap$1@368b9426, body=[1, 2], timestamp=25890297, id=1040, objectName='null', returnAddress='null'}


19:30:07.594 [QueueListener Request Queue test] DEBUG i.a.qbit.service.impl.ServiceImpl - ServiceImpl::doHandleMethodCall() METHOD CALLMethodCallImpl{name='add', address='', params=io.advantageous.qbit.util.MultiMap$1@368b9426, body=[1, 2], timestamp=25890297, id=1041, objectName='null', returnAddress='null'}
19:30:07.594 [QueueListener Request Queue test] DEBUG i.a.qbit.service.impl.ServiceImpl - ServiceImpl::receive() 
RESPONSE
ResponseImpl{address='add', params=null, body=3}
FROM CALL
MethodCallImpl{name='add', address='', params=io.advantageous.qbit.util.MultiMap$1@368b9426, body=[1, 2], timestamp=25890297, id=1041, objectName='null', returnAddress='null'}


19:30:07.594 [QueueListener Request Queue test] DEBUG i.a.qbit.service.impl.ServiceImpl - ServiceImpl::doHandleMethodCall() METHOD CALLMethodCallImpl{name='add', address='', params=io.advantageous.qbit.util.MultiMap$1@368b9426, body=[1, 2], timestamp=25890297, id=1042, objectName='null', returnAddress='null'}
19:30:07.594 [QueueListener Request Queue test] DEBUG i.a.qbit.service.impl.ServiceImpl - ServiceImpl::receive() 
RESPONSE
ResponseImpl{address='add', params=null, body=3}
FROM CALL
MethodCallImpl{name='add', address='', params=io.advantageous.qbit.util.MultiMap$1@368b9426, body=[1, 2], timestamp=25890297, id=1042, objectName='null', returnAddress='null'}


19:30:07.594 [QueueListener Request Queue test] DEBUG i.a.qbit.service.impl.ServiceImpl - ServiceImpl::doHandleMethodCall() METHOD CALLMethodCallImpl{name='add', address='', params=io.advantageous.qbit.util.MultiMap$1@368b9426, body=[1, 2], timestamp=25890297, id=1043, objectName='null', returnAddress='null'}
19:30:07.594 [QueueListener Request Queue test] DEBUG i.a.qbit.service.impl.ServiceImpl - ServiceImpl::receive() 
RESPONSE
ResponseImpl{address='add', params=null, body=3}
FROM CALL
MethodCallImpl{name='add', address='', params=io.advantageous.qbit.util.MultiMap$1@368b9426, body=[1, 2], timestamp=25890297, id=1043, objectName='null', returnAddress='null'}


Queue Limit 
Queue Empty 
19:30:07.594 [QueueListener Request Queue test] DEBUG i.a.qbit.service.impl.ServiceImpl - ServiceImpl::doHandleMethodCall() METHOD CALLMethodCallImpl{name='add', address='', params=io.advantageous.qbit.util.MultiMap$1@368b9426, body=[1, 2], timestamp=25890297, id=1044, objectName='null', returnAddress='null'}
19:30:07.594 [QueueListener Request Queue test] DEBUG i.a.qbit.service.impl.ServiceImpl - ServiceImpl::receive() 
RESPONSE
ResponseImpl{address='add', params=null, body=3}
FROM CALL
MethodCallImpl{name='add', address='', params=io.advantageous.qbit.util.MultiMap$1@368b9426, body=[1, 2], timestamp=25890297, id=1044, objectName='null', returnAddress='null'}


19:30:07.594 [QueueListener Request Queue test] DEBUG i.a.qbit.service.impl.ServiceImpl - ServiceImpl::doHandleMethodCall() METHOD CALLMethodCallImpl{name='add', address='', params=io.advantageous.qbit.util.MultiMap$1@368b9426, body=[1, 2], timestamp=25890297, id=1045, objectName='null', returnAddress='null'}
19:30:07.594 [QueueListener Request Queue test] DEBUG i.a.qbit.service.impl.ServiceImpl - ServiceImpl::receive() 
RESPONSE
ResponseImpl{address='add', params=null, body=3}
FROM CALL
MethodCallImpl{name='add', address='', params=io.advantageous.qbit.util.MultiMap$1@368b9426, body=[1, 2], timestamp=25890297, id=1045, objectName='null', returnAddress='null'}


19:30:07.594 [QueueListener Request Queue test] DEBUG i.a.qbit.service.impl.ServiceImpl - ServiceImpl::doHandleMethodCall() METHOD CALLMethodCallImpl{name='add', address='', params=io.advantageous.qbit.util.MultiMap$1@368b9426, body=[1, 2], timestamp=25890297, id=1046, objectName='null', returnAddress='null'}
19:30:07.594 [QueueListener Request Queue test] DEBUG i.a.qbit.service.impl.ServiceImpl - ServiceImpl::receive() 
RESPONSE
ResponseImpl{address='add', params=null, body=3}
FROM CALL
MethodCallImpl{name='add', address='', params=io.advantageous.qbit.util.MultiMap$1@368b9426, body=[1, 2], timestamp=25890297, id=1046, objectName='null', returnAddress='null'}


19:30:07.594 [QueueListener Request Queue test] DEBUG i.a.qbit.service.impl.ServiceImpl - ServiceImpl::doHandleMethodCall() METHOD CALLMethodCallImpl{name='add', address='', params=io.advantageous.qbit.util.MultiMap$1@368b9426, body=[1, 2], timestamp=25890297, id=1047, objectName='null', returnAddress='null'}
19:30:07.594 [QueueListener Request Queue test] DEBUG i.a.qbit.service.impl.ServiceImpl - ServiceImpl::receive() 
RESPONSE
ResponseImpl{address='add', params=null, body=3}
FROM CALL
MethodCallImpl{name='add', address='', params=io.advantageous.qbit.util.MultiMap$1@368b9426, body=[1, 2], timestamp=25890297, id=1047, objectName='null', returnAddress='null'}


19:30:07.594 [QueueListener Request Queue test] DEBUG i.a.qbit.service.impl.ServiceImpl - ServiceImpl::doHandleMethodCall() METHOD CALLMethodCallImpl{name='add', address='', params=io.advantageous.qbit.util.MultiMap$1@368b9426, body=[1, 2], timestamp=25890297, id=1048, objectName='null', returnAddress='null'}
19:30:07.594 [QueueListener Request Queue test] DEBUG i.a.qbit.service.impl.ServiceImpl - ServiceImpl::receive() 
RESPONSE
ResponseImpl{address='add', params=null, body=3}
FROM CALL
MethodCallImpl{name='add', address='', params=io.advantageous.qbit.util.MultiMap$1@368b9426, body=[1, 2], timestamp=25890297, id=1048, objectName='null', returnAddress='null'}


19:30:07.594 [QueueListener Request Queue test] DEBUG i.a.qbit.service.impl.ServiceImpl - ServiceImpl::doHandleMethodCall() METHOD CALLMethodCallImpl{name='add', address='', params=io.advantageous.qbit.util.MultiMap$1@368b9426, body=[1, 2], timestamp=25890297, id=1049, objectName='null', returnAddress='null'}
19:30:07.594 [QueueListener Request Queue test] DEBUG i.a.qbit.service.impl.ServiceImpl - ServiceImpl::receive() 
RESPONSE
ResponseImpl{address='add', params=null, body=3}
FROM CALL
MethodCallImpl{name='add', address='', params=io.advantageous.qbit.util.MultiMap$1@368b9426, body=[1, 2], timestamp=25890297, id=1049, objectName='null', returnAddress='null'}


Queue Limit 
Queue Empty 
19:30:07.594 [QueueListener Request Queue test] DEBUG i.a.qbit.service.impl.ServiceImpl - ServiceImpl::doHandleMethodCall() METHOD CALLMethodCallImpl{name='add', address='', params=io.advantageous.qbit.util.MultiMap$1@368b9426, body=[1, 2], timestamp=25890297, id=1050, objectName='null', returnAddress='null'}
19:30:07.594 [QueueListener Request Queue test] DEBUG i.a.qbit.service.impl.ServiceImpl - ServiceImpl::receive() 
RESPONSE
ResponseImpl{address='add', params=null, body=3}
FROM CALL
MethodCallImpl{name='add', address='', params=io.advantageous.qbit.util.MultiMap$1@368b9426, body=[1, 2], timestamp=25890297, id=1050, objectName='null', returnAddress='null'}


19:30:07.594 [QueueListener Request Queue test] DEBUG i.a.qbit.service.impl.ServiceImpl - ServiceImpl::doHandleMethodCall() METHOD CALLMethodCallImpl{name='add', address='', params=io.advantageous.qbit.util.MultiMap$1@368b9426, body=[1, 2], timestamp=25890297, id=1051, objectName='null', returnAddress='null'}
19:30:07.594 [QueueListener Request Queue test] DEBUG i.a.qbit.service.impl.ServiceImpl - ServiceImpl::receive() 
RESPONSE
ResponseImpl{address='add', params=null, body=3}
FROM CALL
MethodCallImpl{name='add', address='', params=io.advantageous.qbit.util.MultiMap$1@368b9426, body=[1, 2], timestamp=25890297, id=1051, objectName='null', returnAddress='null'}


19:30:07.594 [QueueListener Request Queue test] DEBUG i.a.qbit.service.impl.ServiceImpl - ServiceImpl::doHandleMethodCall() METHOD CALLMethodCallImpl{name='add', address='', params=io.advantageous.qbit.util.MultiMap$1@368b9426, body=[1, 2], timestamp=25890297, id=1052, objectName='null', returnAddress='null'}
19:30:07.594 [QueueListener Request Queue test] DEBUG i.a.qbit.service.impl.ServiceImpl - ServiceImpl::receive() 
RESPONSE
ResponseImpl{address='add', params=null, body=3}
FROM CALL
MethodCallImpl{name='add', address='', params=io.advantageous.qbit.util.MultiMap$1@368b9426, body=[1, 2], timestamp=25890297, id=1052, objectName='null', returnAddress='null'}


19:30:07.594 [QueueListener Request Queue test] DEBUG i.a.qbit.service.impl.ServiceImpl - ServiceImpl::doHandleMethodCall() METHOD CALLMethodCallImpl{name='add', address='', params=io.advantageous.qbit.util.MultiMap$1@368b9426, body=[1, 2], timestamp=25890297, id=1053, objectName='null', returnAddress='null'}
19:30:07.594 [QueueListener Request Queue test] DEBUG i.a.qbit.service.impl.ServiceImpl - ServiceImpl::receive() 
RESPONSE
ResponseImpl{address='add', params=null, body=3}
FROM CALL
MethodCallImpl{name='add', address='', params=io.advantageous.qbit.util.MultiMap$1@368b9426, body=[1, 2], timestamp=25890297, id=1053, objectName='null', returnAddress='null'}


19:30:07.594 [QueueListener Request Queue test] DEBUG i.a.qbit.service.impl.ServiceImpl - ServiceImpl::doHandleMethodCall() METHOD CALLMethodCallImpl{name='add', address='', params=io.advantageous.qbit.util.MultiMap$1@368b9426, body=[1, 2], timestamp=25890297, id=1054, objectName='null', returnAddress='null'}
19:30:07.594 [QueueListener Request Queue test] DEBUG i.a.qbit.service.impl.ServiceImpl - ServiceImpl::receive() 
RESPONSE
ResponseImpl{address='add', params=null, body=3}
FROM CALL
MethodCallImpl{name='add', address='', params=io.advantageous.qbit.util.MultiMap$1@368b9426, body=[1, 2], timestamp=25890297, id=1054, objectName='null', returnAddress='null'}


19:30:07.594 [QueueListener Request Queue test] DEBUG i.a.qbit.service.impl.ServiceImpl - ServiceImpl::doHandleMethodCall() METHOD CALLMethodCallImpl{name='add', address='', params=io.advantageous.qbit.util.MultiMap$1@368b9426, body=[1, 2], timestamp=25890297, id=1055, objectName='null', returnAddress='null'}
19:30:07.594 [QueueListener Request Queue test] DEBUG i.a.qbit.service.impl.ServiceImpl - ServiceImpl::receive() 
RESPONSE
ResponseImpl{address='add', params=null, body=3}
FROM CALL
MethodCallImpl{name='add', address='', params=io.advantageous.qbit.util.MultiMap$1@368b9426, body=[1, 2], timestamp=25890297, id=1055, objectName='null', returnAddress='null'}


Queue Limit 
Queue Empty 
19:30:07.594 [QueueListener Request Queue test] DEBUG i.a.qbit.service.impl.ServiceImpl - ServiceImpl::doHandleMethodCall() METHOD CALLMethodCallImpl{name='add', address='', params=io.advantageous.qbit.util.MultiMap$1@368b9426, body=[1, 2], timestamp=25890297, id=1056, objectName='null', returnAddress='null'}
19:30:07.594 [QueueListener Request Queue test] DEBUG i.a.qbit.service.impl.ServiceImpl - ServiceImpl::receive() 
RESPONSE
ResponseImpl{address='add', params=null, body=3}
FROM CALL
MethodCallImpl{name='add', address='', params=io.advantageous.qbit.util.MultiMap$1@368b9426, body=[1, 2], timestamp=25890297, id=1056, objectName='null', returnAddress='null'}


19:30:07.594 [QueueListener Request Queue test] DEBUG i.a.qbit.service.impl.ServiceImpl - ServiceImpl::doHandleMethodCall() METHOD CALLMethodCallImpl{name='add', address='', params=io.advantageous.qbit.util.MultiMap$1@368b9426, body=[1, 2], timestamp=25890297, id=1057, objectName='null', returnAddress='null'}
19:30:07.595 [QueueListener Request Queue test] DEBUG i.a.qbit.service.impl.ServiceImpl - ServiceImpl::receive() 
RESPONSE
ResponseImpl{address='add', params=null, body=3}
FROM CALL
MethodCallImpl{name='add', address='', params=io.advantageous.qbit.util.MultiMap$1@368b9426, body=[1, 2], timestamp=25890297, id=1057, objectName='null', returnAddress='null'}


19:30:07.595 [QueueListener Request Queue test] DEBUG i.a.qbit.service.impl.ServiceImpl - ServiceImpl::doHandleMethodCall() METHOD CALLMethodCallImpl{name='add', address='', params=io.advantageous.qbit.util.MultiMap$1@368b9426, body=[1, 2], timestamp=25890297, id=1058, objectName='null', returnAddress='null'}
19:30:07.595 [QueueListener Request Queue test] DEBUG i.a.qbit.service.impl.ServiceImpl - ServiceImpl::receive() 
RESPONSE
ResponseImpl{address='add', params=null, body=3}
FROM CALL
MethodCallImpl{name='add', address='', params=io.advantageous.qbit.util.MultiMap$1@368b9426, body=[1, 2], timestamp=25890297, id=1058, objectName='null', returnAddress='null'}


19:30:07.595 [QueueListener Request Queue test] DEBUG i.a.qbit.service.impl.ServiceImpl - ServiceImpl::doHandleMethodCall() METHOD CALLMethodCallImpl{name='add', address='', params=io.advantageous.qbit.util.MultiMap$1@368b9426, body=[1, 2], timestamp=25890297, id=1059, objectName='null', returnAddress='null'}
19:30:07.595 [QueueListener Request Queue test] DEBUG i.a.qbit.service.impl.ServiceImpl - ServiceImpl::receive() 
RESPONSE
ResponseImpl{address='add', params=null, body=3}
FROM CALL
MethodCallImpl{name='add', address='', params=io.advantageous.qbit.util.MultiMap$1@368b9426, body=[1, 2], timestamp=25890297, id=1059, objectName='null', returnAddress='null'}


Queue Empty 
Queue Idle 
Queue Empty 
Queue Idle 
Queue Empty 
Queue Idle 
Queue Empty 
Queue Idle 
Queue Empty 
19:30:10.467 [Test worker] DEBUG i.a.qbit.service.impl.ServiceImpl - ServiceImpl<<constr>> null test  io.advantageous.qbit.service.impl.RegularCalls$Adder@75ab0f32 1000 MILLISECONDS 10 io.advantageous.qbit.service.impl.BoonServiceMethodCallHandler@4c0b6f35 null
19:30:10.468 [Test worker] DEBUG i.a.qbit.service.impl.ServiceImpl - RESPONSE QUEUE WAS NULL CREATING ONE
19:30:10.521 [QueueListener Request Queue test] DEBUG i.a.qbit.service.impl.ServiceImpl - ServiceImpl::doHandleMethodCall() METHOD CALLMethodCallImpl{name='add', address='', params=io.advantageous.qbit.util.MultiMap$1@368b9426, body=[1, 2], timestamp=25893373, id=1060, objectName='null', returnAddress='null'}
19:30:10.521 [QueueListener Request Queue test] DEBUG i.a.qbit.service.impl.ServiceImpl - ServiceImpl::receive() 
RESPONSE
ResponseImpl{address='add', params=null, body=3}
FROM CALL
MethodCallImpl{name='add', address='', params=io.advantageous.qbit.util.MultiMap$1@368b9426, body=[1, 2], timestamp=25893373, id=1060, objectName='null', returnAddress='null'}


19:30:10.521 [QueueListener Request Queue test] DEBUG i.a.qbit.service.impl.ServiceImpl - ServiceImpl::doHandleMethodCall() METHOD CALLMethodCallImpl{name='add', address='', params=io.advantageous.qbit.util.MultiMap$1@368b9426, body=[4, 5], timestamp=25893373, id=1061, objectName='null', returnAddress='null'}
19:30:10.521 [QueueListener Request Queue test] DEBUG i.a.qbit.service.impl.ServiceImpl - ServiceImpl::receive() 
RESPONSE
ResponseImpl{address='add', params=null, body=9}
FROM CALL
MethodCallImpl{name='add', address='', params=io.advantageous.qbit.util.MultiMap$1@368b9426, body=[4, 5], timestamp=25893373, id=1061, objectName='null', returnAddress='null'}


Queue Empty 
19:30:10.522 [Test worker] DEBUG i.a.qbit.service.impl.ServiceImpl - ServiceImpl<<constr>> null test  io.advantageous.qbit.service.impl.RegularCalls$Adder@b6f9969 1000 MILLISECONDS 10 io.advantageous.qbit.service.impl.BoonServiceMethodCallHandler@2690d5a9 null
19:30:10.522 [Test worker] DEBUG i.a.qbit.service.impl.ServiceImpl - RESPONSE QUEUE WAS NULL CREATING ONE
19:30:10.576 [QueueListener Request Queue test] DEBUG i.a.qbit.service.impl.ServiceImpl - ServiceImpl::doHandleMethodCall() METHOD CALLMethodCallImpl{name='add', address='', params=io.advantageous.qbit.util.MultiMap$1@368b9426, body=[1, 2], timestamp=25893418, id=1062, objectName='null', returnAddress='null'}
19:30:10.576 [QueueListener Request Queue test] DEBUG i.a.qbit.service.impl.ServiceImpl - ServiceImpl::receive() 
RESPONSE
ResponseImpl{address='add', params=null, body=3}
FROM CALL
MethodCallImpl{name='add', address='', params=io.advantageous.qbit.util.MultiMap$1@368b9426, body=[1, 2], timestamp=25893418, id=1062, objectName='null', returnAddress='null'}


19:30:10.576 [QueueListener Request Queue test] DEBUG i.a.qbit.service.impl.ServiceImpl - ServiceImpl::doHandleMethodCall() METHOD CALLMethodCallImpl{name='add', address='', params=io.advantageous.qbit.util.MultiMap$1@368b9426, body=[4, 5], timestamp=25893418, id=1063, objectName='null', returnAddress='null'}
19:30:10.576 [QueueListener Request Queue test] DEBUG i.a.qbit.service.impl.ServiceImpl - ServiceImpl::receive() 
RESPONSE
ResponseImpl{address='add', params=null, body=9}
FROM CALL
MethodCallImpl{name='add', address='', params=io.advantageous.qbit.util.MultiMap$1@368b9426, body=[4, 5], timestamp=25893418, id=1063, objectName='null', returnAddress='null'}


Queue Empty 
]]></system-out>
  <system-err><![CDATA[]]></system-err>
</testsuite>
